{"C:\\Users\\madhukumara\\qocreate-artifacts\\_standalone\\1c8dcf7d-f14e-41c0-be1d-60c389ed506d\\src\\config\\database.js": {"path":"C:\\Users\\madhukumara\\qocreate-artifacts\\_standalone\\1c8dcf7d-f14e-41c0-be1d-60c389ed506d\\src\\config\\database.js","statementMap":{"0":{"start":{"line":5,"column":25},"end":{"line":5,"column":50}},"1":{"start":{"line":6,"column":16},"end":{"line":6,"column":32}},"2":{"start":{"line":15,"column":20},"end":{"line":37,"column":1}},"3":{"start":{"line":16,"column":2},"end":{"line":18,"column":3}},"4":{"start":{"line":17,"column":4},"end":{"line":17,"column":18}},"5":{"start":{"line":20,"column":2},"end":{"line":34,"column":3}},"6":{"start":{"line":21,"column":4},"end":{"line":24,"column":7}},"7":{"start":{"line":27,"column":4},"end":{"line":32,"column":5}},"8":{"start":{"line":28,"column":6},"end":{"line":31,"column":9}},"9":{"start":{"line":33,"column":4},"end":{"line":33,"column":29}},"10":{"start":{"line":36,"column":2},"end":{"line":36,"column":16}},"11":{"start":{"line":43,"column":24},"end":{"line":52,"column":1}},"12":{"start":{"line":44,"column":13},"end":{"line":44,"column":26}},"13":{"start":{"line":45,"column":2},"end":{"line":51,"column":3}},"14":{"start":{"line":46,"column":4},"end":{"line":46,"column":24}},"15":{"start":{"line":47,"column":4},"end":{"line":47,"column":53}},"16":{"start":{"line":49,"column":4},"end":{"line":49,"column":66}},"17":{"start":{"line":50,"column":4},"end":{"line":50,"column":20}},"18":{"start":{"line":58,"column":27},"end":{"line":66,"column":1}},"19":{"start":{"line":59,"column":13},"end":{"line":59,"column":26}},"20":{"start":{"line":60,"column":2},"end":{"line":65,"column":3}},"21":{"start":{"line":61,"column":4},"end":{"line":61,"column":27}},"22":{"start":{"line":62,"column":4},"end":{"line":62,"column":56}},"23":{"start":{"line":64,"column":4},"end":{"line":64,"column":68}},"24":{"start":{"line":68,"column":0},"end":{"line":72,"column":2}}},"fnMap":{"0":{"name":"(anonymous_0)","decl":{"start":{"line":15,"column":20},"end":{"line":15,"column":21}},"loc":{"start":{"line":15,"column":26},"end":{"line":37,"column":1}},"line":15},"1":{"name":"(anonymous_1)","decl":{"start":{"line":43,"column":24},"end":{"line":43,"column":25}},"loc":{"start":{"line":43,"column":36},"end":{"line":52,"column":1}},"line":43},"2":{"name":"(anonymous_2)","decl":{"start":{"line":58,"column":27},"end":{"line":58,"column":28}},"loc":{"start":{"line":58,"column":39},"end":{"line":66,"column":1}},"line":58}},"branchMap":{"0":{"loc":{"start":{"line":16,"column":2},"end":{"line":18,"column":3}},"type":"if","locations":[{"start":{"line":16,"column":2},"end":{"line":18,"column":3}},{"start":{},"end":{}}],"line":16},"1":{"loc":{"start":{"line":20,"column":2},"end":{"line":34,"column":3}},"type":"if","locations":[{"start":{"line":20,"column":2},"end":{"line":34,"column":3}},{"start":{"line":25,"column":9},"end":{"line":34,"column":3}}],"line":20},"2":{"loc":{"start":{"line":27,"column":4},"end":{"line":32,"column":5}},"type":"if","locations":[{"start":{"line":27,"column":4},"end":{"line":32,"column":5}},{"start":{},"end":{}}],"line":27}},"s":{"0":0,"1":0,"2":0,"3":0,"4":0,"5":0,"6":0,"7":0,"8":0,"9":0,"10":0,"11":0,"12":0,"13":0,"14":0,"15":0,"16":0,"17":0,"18":0,"19":0,"20":0,"21":0,"22":0,"23":0,"24":0},"f":{"0":0,"1":0,"2":0},"b":{"0":[0,0],"1":[0,0],"2":[0,0]}}
,"C:\\Users\\madhukumara\\qocreate-artifacts\\_standalone\\1c8dcf7d-f14e-41c0-be1d-60c389ed506d\\src\\config\\env.js": {"path":"C:\\Users\\madhukumara\\qocreate-artifacts\\_standalone\\1c8dcf7d-f14e-41c0-be1d-60c389ed506d\\src\\config\\env.js","statementMap":{"0":{"start":{"line":5,"column":0},"end":{"line":5,"column":27}},"1":{"start":{"line":12,"column":16},"end":{"line":73,"column":1}},"2":{"start":{"line":13,"column":18},"end":{"line":13,"column":20}},"3":{"start":{"line":15,"column":14},"end":{"line":25,"column":3}},"4":{"start":{"line":16,"column":18},"end":{"line":16,"column":34}},"5":{"start":{"line":17,"column":4},"end":{"line":23,"column":5}},"6":{"start":{"line":18,"column":6},"end":{"line":20,"column":7}},"7":{"start":{"line":19,"column":8},"end":{"line":19,"column":28}},"8":{"start":{"line":21,"column":6},"end":{"line":21,"column":24}},"9":{"start":{"line":22,"column":6},"end":{"line":22,"column":16}},"10":{"start":{"line":24,"column":4},"end":{"line":24,"column":17}},"11":{"start":{"line":27,"column":17},"end":{"line":41,"column":3}},"12":{"start":{"line":28,"column":16},"end":{"line":28,"column":32}},"13":{"start":{"line":29,"column":4},"end":{"line":35,"column":5}},"14":{"start":{"line":30,"column":6},"end":{"line":32,"column":7}},"15":{"start":{"line":31,"column":8},"end":{"line":31,"column":28}},"16":{"start":{"line":33,"column":6},"end":{"line":33,"column":24}},"17":{"start":{"line":34,"column":6},"end":{"line":34,"column":15}},"18":{"start":{"line":36,"column":19},"end":{"line":36,"column":36}},"19":{"start":{"line":37,"column":4},"end":{"line":39,"column":5}},"20":{"start":{"line":38,"column":6},"end":{"line":38,"column":93}},"21":{"start":{"line":40,"column":4},"end":{"line":40,"column":18}},"22":{"start":{"line":43,"column":17},"end":{"line":51,"column":3}},"23":{"start":{"line":53,"column":2},"end":{"line":58,"column":3}},"24":{"start":{"line":54,"column":4},"end":{"line":57,"column":6}},"25":{"start":{"line":60,"column":2},"end":{"line":64,"column":3}},"26":{"start":{"line":61,"column":4},"end":{"line":63,"column":6}},"27":{"start":{"line":66,"column":2},"end":{"line":70,"column":3}},"28":{"start":{"line":67,"column":4},"end":{"line":69,"column":6}},"29":{"start":{"line":72,"column":2},"end":{"line":72,"column":16}},"30":{"start":{"line":75,"column":12},"end":{"line":75,"column":21}},"31":{"start":{"line":77,"column":0},"end":{"line":77,"column":25}}},"fnMap":{"0":{"name":"(anonymous_0)","decl":{"start":{"line":12,"column":16},"end":{"line":12,"column":17}},"loc":{"start":{"line":12,"column":22},"end":{"line":73,"column":1}},"line":12},"1":{"name":"(anonymous_1)","decl":{"start":{"line":15,"column":14},"end":{"line":15,"column":15}},"loc":{"start":{"line":15,"column":37},"end":{"line":25,"column":3}},"line":15},"2":{"name":"(anonymous_2)","decl":{"start":{"line":27,"column":17},"end":{"line":27,"column":18}},"loc":{"start":{"line":27,"column":40},"end":{"line":41,"column":3}},"line":27}},"branchMap":{"0":{"loc":{"start":{"line":17,"column":4},"end":{"line":23,"column":5}},"type":"if","locations":[{"start":{"line":17,"column":4},"end":{"line":23,"column":5}},{"start":{},"end":{}}],"line":17},"1":{"loc":{"start":{"line":17,"column":8},"end":{"line":17,"column":43}},"type":"binary-expr","locations":[{"start":{"line":17,"column":8},"end":{"line":17,"column":27}},{"start":{"line":17,"column":31},"end":{"line":17,"column":43}}],"line":17},"2":{"loc":{"start":{"line":18,"column":6},"end":{"line":20,"column":7}},"type":"if","locations":[{"start":{"line":18,"column":6},"end":{"line":20,"column":7}},{"start":{},"end":{}}],"line":18},"3":{"loc":{"start":{"line":29,"column":4},"end":{"line":35,"column":5}},"type":"if","locations":[{"start":{"line":29,"column":4},"end":{"line":35,"column":5}},{"start":{},"end":{}}],"line":29},"4":{"loc":{"start":{"line":29,"column":8},"end":{"line":29,"column":39}},"type":"binary-expr","locations":[{"start":{"line":29,"column":8},"end":{"line":29,"column":25}},{"start":{"line":29,"column":29},"end":{"line":29,"column":39}}],"line":29},"5":{"loc":{"start":{"line":30,"column":6},"end":{"line":32,"column":7}},"type":"if","locations":[{"start":{"line":30,"column":6},"end":{"line":32,"column":7}},{"start":{},"end":{}}],"line":30},"6":{"loc":{"start":{"line":37,"column":4},"end":{"line":39,"column":5}},"type":"if","locations":[{"start":{"line":37,"column":4},"end":{"line":39,"column":5}},{"start":{},"end":{}}],"line":37},"7":{"loc":{"start":{"line":53,"column":2},"end":{"line":58,"column":3}},"type":"if","locations":[{"start":{"line":53,"column":2},"end":{"line":58,"column":3}},{"start":{},"end":{}}],"line":53},"8":{"loc":{"start":{"line":60,"column":2},"end":{"line":64,"column":3}},"type":"if","locations":[{"start":{"line":60,"column":2},"end":{"line":64,"column":3}},{"start":{},"end":{}}],"line":60},"9":{"loc":{"start":{"line":66,"column":2},"end":{"line":70,"column":3}},"type":"if","locations":[{"start":{"line":66,"column":2},"end":{"line":70,"column":3}},{"start":{},"end":{}}],"line":66},"10":{"loc":{"start":{"line":66,"column":6},"end":{"line":66,"column":71}},"type":"binary-expr","locations":[{"start":{"line":66,"column":6},"end":{"line":66,"column":38}},{"start":{"line":66,"column":42},"end":{"line":66,"column":71}}],"line":66}},"s":{"0":0,"1":0,"2":0,"3":0,"4":0,"5":0,"6":0,"7":0,"8":0,"9":0,"10":0,"11":0,"12":0,"13":0,"14":0,"15":0,"16":0,"17":0,"18":0,"19":0,"20":0,"21":0,"22":0,"23":0,"24":0,"25":0,"26":0,"27":0,"28":0,"29":0,"30":0,"31":0},"f":{"0":0,"1":0,"2":0},"b":{"0":[0,0],"1":[0,0],"2":[0,0],"3":[0,0],"4":[0,0],"5":[0,0],"6":[0,0],"7":[0,0],"8":[0,0],"9":[0,0],"10":[0,0]}}
,"C:\\Users\\madhukumara\\qocreate-artifacts\\_standalone\\1c8dcf7d-f14e-41c0-be1d-60c389ed506d\\src\\middleware\\errorHandler.js": {"path":"C:\\Users\\madhukumara\\qocreate-artifacts\\_standalone\\1c8dcf7d-f14e-41c0-be1d-60c389ed506d\\src\\middleware\\errorHandler.js","statementMap":{"0":{"start":{"line":16,"column":21},"end":{"line":16,"column":32}},"1":{"start":{"line":21,"column":23},"end":{"line":49,"column":1}},"2":{"start":{"line":54,"column":22},"end":{"line":83,"column":1}},"3":{"start":{"line":56,"column":2},"end":{"line":58,"column":3}},"4":{"start":{"line":57,"column":4},"end":{"line":57,"column":22}},"5":{"start":{"line":59,"column":2},"end":{"line":61,"column":3}},"6":{"start":{"line":60,"column":4},"end":{"line":60,"column":26}},"7":{"start":{"line":64,"column":2},"end":{"line":66,"column":3}},"8":{"start":{"line":65,"column":4},"end":{"line":65,"column":36}},"9":{"start":{"line":69,"column":2},"end":{"line":69,"column":39}},"10":{"start":{"line":69,"column":28},"end":{"line":69,"column":39}},"11":{"start":{"line":70,"column":2},"end":{"line":70,"column":39}},"12":{"start":{"line":70,"column":28},"end":{"line":70,"column":39}},"13":{"start":{"line":71,"column":2},"end":{"line":71,"column":39}},"14":{"start":{"line":71,"column":28},"end":{"line":71,"column":39}},"15":{"start":{"line":72,"column":2},"end":{"line":72,"column":39}},"16":{"start":{"line":72,"column":28},"end":{"line":72,"column":39}},"17":{"start":{"line":75,"column":2},"end":{"line":75,"column":52}},"18":{"start":{"line":75,"column":41},"end":{"line":75,"column":52}},"19":{"start":{"line":76,"column":2},"end":{"line":76,"column":52}},"20":{"start":{"line":76,"column":41},"end":{"line":76,"column":52}},"21":{"start":{"line":77,"column":2},"end":{"line":77,"column":52}},"22":{"start":{"line":77,"column":41},"end":{"line":77,"column":52}},"23":{"start":{"line":80,"column":2},"end":{"line":80,"column":67}},"24":{"start":{"line":80,"column":56},"end":{"line":80,"column":67}},"25":{"start":{"line":82,"column":2},"end":{"line":82,"column":13}},"26":{"start":{"line":88,"column":23},"end":{"line":115,"column":1}},"27":{"start":{"line":90,"column":2},"end":{"line":102,"column":3}},"28":{"start":{"line":92,"column":4},"end":{"line":100,"column":5}},"29":{"start":{"line":99,"column":6},"end":{"line":99,"column":50}},"30":{"start":{"line":101,"column":4},"end":{"line":101,"column":53}},"31":{"start":{"line":104,"column":2},"end":{"line":104,"column":97}},"32":{"start":{"line":104,"column":22},"end":{"line":104,"column":97}},"33":{"start":{"line":105,"column":2},"end":{"line":105,"column":84}},"34":{"start":{"line":105,"column":22},"end":{"line":105,"column":84}},"35":{"start":{"line":106,"column":2},"end":{"line":106,"column":106}},"36":{"start":{"line":106,"column":22},"end":{"line":106,"column":106}},"37":{"start":{"line":107,"column":2},"end":{"line":107,"column":76}},"38":{"start":{"line":107,"column":22},"end":{"line":107,"column":76}},"39":{"start":{"line":110,"column":2},"end":{"line":112,"column":3}},"40":{"start":{"line":111,"column":4},"end":{"line":111,"column":67}},"41":{"start":{"line":114,"column":2},"end":{"line":114,"column":56}},"42":{"start":{"line":120,"column":32},"end":{"line":140,"column":1}},"43":{"start":{"line":121,"column":2},"end":{"line":121,"column":36}},"44":{"start":{"line":121,"column":19},"end":{"line":121,"column":36}},"45":{"start":{"line":124,"column":2},"end":{"line":129,"column":3}},"46":{"start":{"line":125,"column":4},"end":{"line":128,"column":8}},"47":{"start":{"line":125,"column":34},"end":{"line":128,"column":5}},"48":{"start":{"line":132,"column":2},"end":{"line":137,"column":3}},"49":{"start":{"line":133,"column":4},"end":{"line":136,"column":8}},"50":{"start":{"line":133,"column":65},"end":{"line":136,"column":5}},"51":{"start":{"line":139,"column":2},"end":{"line":139,"column":19}},"52":{"start":{"line":145,"column":17},"end":{"line":161,"column":1}},"53":{"start":{"line":146,"column":20},"end":{"line":146,"column":44}},"54":{"start":{"line":147,"column":20},"end":{"line":147,"column":44}},"55":{"start":{"line":148,"column":20},"end":{"line":148,"column":53}},"56":{"start":{"line":149,"column":20},"end":{"line":149,"column":73}},"57":{"start":{"line":151,"column":2},"end":{"line":160,"column":3}},"58":{"start":{"line":152,"column":4},"end":{"line":155,"column":6}},"59":{"start":{"line":157,"column":4},"end":{"line":159,"column":6}},"60":{"start":{"line":166,"column":24},"end":{"line":171,"column":1}},"61":{"start":{"line":167,"column":14},"end":{"line":167,"column":76}},"62":{"start":{"line":168,"column":2},"end":{"line":168,"column":19}},"63":{"start":{"line":169,"column":2},"end":{"line":169,"column":27}},"64":{"start":{"line":170,"column":2},"end":{"line":170,"column":12}},"65":{"start":{"line":178,"column":21},"end":{"line":205,"column":1}},"66":{"start":{"line":179,"column":27},"end":{"line":179,"column":45}},"67":{"start":{"line":180,"column":27},"end":{"line":180,"column":54}},"68":{"start":{"line":181,"column":27},"end":{"line":181,"column":55}},"69":{"start":{"line":183,"column":2},"end":{"line":183,"column":29}},"70":{"start":{"line":185,"column":23},"end":{"line":192,"column":3}},"71":{"start":{"line":195,"column":2},"end":{"line":197,"column":3}},"72":{"start":{"line":196,"column":4},"end":{"line":196,"column":59}},"73":{"start":{"line":200,"column":2},"end":{"line":202,"column":3}},"74":{"start":{"line":201,"column":4},"end":{"line":201,"column":41}},"75":{"start":{"line":204,"column":2},"end":{"line":204,"column":40}},"76":{"start":{"line":215,"column":20},"end":{"line":220,"column":1}},"77":{"start":{"line":216,"column":17},"end":{"line":216,"column":35}},"78":{"start":{"line":217,"column":2},"end":{"line":217,"column":24}},"79":{"start":{"line":218,"column":2},"end":{"line":218,"column":33}},"80":{"start":{"line":219,"column":2},"end":{"line":219,"column":13}},"81":{"start":{"line":225,"column":30},"end":{"line":231,"column":1}},"82":{"start":{"line":226,"column":17},"end":{"line":226,"column":58}},"83":{"start":{"line":227,"column":2},"end":{"line":227,"column":21}},"84":{"start":{"line":228,"column":2},"end":{"line":228,"column":36}},"85":{"start":{"line":229,"column":2},"end":{"line":229,"column":30}},"86":{"start":{"line":230,"column":2},"end":{"line":230,"column":13}},"87":{"start":{"line":233,"column":28},"end":{"line":239,"column":1}},"88":{"start":{"line":234,"column":17},"end":{"line":234,"column":39}},"89":{"start":{"line":235,"column":17},"end":{"line":235,"column":48}},"90":{"start":{"line":236,"column":2},"end":{"line":236,"column":21}},"91":{"start":{"line":237,"column":2},"end":{"line":237,"column":100}},"92":{"start":{"line":238,"column":2},"end":{"line":238,"column":13}},"93":{"start":{"line":241,"column":32},"end":{"line":247,"column":1}},"94":{"start":{"line":243,"column":17},"end":{"line":243,"column":64}},"95":{"start":{"line":244,"column":2},"end":{"line":244,"column":21}},"96":{"start":{"line":245,"column":2},"end":{"line":245,"column":39}},"97":{"start":{"line":246,"column":2},"end":{"line":246,"column":13}},"98":{"start":{"line":249,"column":29},"end":{"line":254,"column":1}},"99":{"start":{"line":250,"column":17},"end":{"line":250,"column":91}},"100":{"start":{"line":251,"column":2},"end":{"line":251,"column":21}},"101":{"start":{"line":252,"column":2},"end":{"line":252,"column":29}},"102":{"start":{"line":253,"column":2},"end":{"line":253,"column":13}},"103":{"start":{"line":256,"column":28},"end":{"line":261,"column":1}},"104":{"start":{"line":257,"column":17},"end":{"line":257,"column":78}},"105":{"start":{"line":258,"column":2},"end":{"line":258,"column":21}},"106":{"start":{"line":259,"column":2},"end":{"line":259,"column":43}},"107":{"start":{"line":260,"column":2},"end":{"line":260,"column":13}},"108":{"start":{"line":270,"column":21},"end":{"line":272,"column":1}},"109":{"start":{"line":270,"column":29},"end":{"line":272,"column":1}},"110":{"start":{"line":271,"column":2},"end":{"line":271,"column":50}},"111":{"start":{"line":274,"column":0},"end":{"line":284,"column":2}}},"fnMap":{"0":{"name":"(anonymous_0)","decl":{"start":{"line":54,"column":22},"end":{"line":54,"column":23}},"loc":{"start":{"line":54,"column":31},"end":{"line":83,"column":1}},"line":54},"1":{"name":"(anonymous_1)","decl":{"start":{"line":88,"column":23},"end":{"line":88,"column":24}},"loc":{"start":{"line":88,"column":40},"end":{"line":115,"column":1}},"line":88},"2":{"name":"(anonymous_2)","decl":{"start":{"line":120,"column":32},"end":{"line":120,"column":33}},"loc":{"start":{"line":120,"column":41},"end":{"line":140,"column":1}},"line":120},"3":{"name":"(anonymous_3)","decl":{"start":{"line":125,"column":26},"end":{"line":125,"column":27}},"loc":{"start":{"line":125,"column":34},"end":{"line":128,"column":5}},"line":125},"4":{"name":"(anonymous_4)","decl":{"start":{"line":133,"column":42},"end":{"line":133,"column":43}},"loc":{"start":{"line":133,"column":65},"end":{"line":136,"column":5}},"line":133},"5":{"name":"(anonymous_5)","decl":{"start":{"line":145,"column":17},"end":{"line":145,"column":18}},"loc":{"start":{"line":145,"column":39},"end":{"line":161,"column":1}},"line":145},"6":{"name":"(anonymous_6)","decl":{"start":{"line":166,"column":24},"end":{"line":166,"column":25}},"loc":{"start":{"line":166,"column":44},"end":{"line":171,"column":1}},"line":166},"7":{"name":"(anonymous_7)","decl":{"start":{"line":178,"column":21},"end":{"line":178,"column":22}},"loc":{"start":{"line":178,"column":46},"end":{"line":205,"column":1}},"line":178},"8":{"name":"(anonymous_8)","decl":{"start":{"line":215,"column":20},"end":{"line":215,"column":21}},"loc":{"start":{"line":215,"column":47},"end":{"line":220,"column":1}},"line":215},"9":{"name":"(anonymous_9)","decl":{"start":{"line":225,"column":30},"end":{"line":225,"column":31}},"loc":{"start":{"line":225,"column":51},"end":{"line":231,"column":1}},"line":225},"10":{"name":"(anonymous_10)","decl":{"start":{"line":233,"column":28},"end":{"line":233,"column":29}},"loc":{"start":{"line":233,"column":42},"end":{"line":239,"column":1}},"line":233},"11":{"name":"(anonymous_11)","decl":{"start":{"line":241,"column":32},"end":{"line":241,"column":33}},"loc":{"start":{"line":241,"column":38},"end":{"line":247,"column":1}},"line":241},"12":{"name":"(anonymous_12)","decl":{"start":{"line":249,"column":29},"end":{"line":249,"column":30}},"loc":{"start":{"line":249,"column":42},"end":{"line":254,"column":1}},"line":249},"13":{"name":"(anonymous_13)","decl":{"start":{"line":256,"column":28},"end":{"line":256,"column":29}},"loc":{"start":{"line":256,"column":47},"end":{"line":261,"column":1}},"line":256},"14":{"name":"(anonymous_14)","decl":{"start":{"line":270,"column":21},"end":{"line":270,"column":22}},"loc":{"start":{"line":270,"column":29},"end":{"line":272,"column":1}},"line":270},"15":{"name":"(anonymous_15)","decl":{"start":{"line":270,"column":29},"end":{"line":270,"column":30}},"loc":{"start":{"line":270,"column":49},"end":{"line":272,"column":1}},"line":270}},"branchMap":{"0":{"loc":{"start":{"line":56,"column":2},"end":{"line":58,"column":3}},"type":"if","locations":[{"start":{"line":56,"column":2},"end":{"line":58,"column":3}},{"start":{},"end":{}}],"line":56},"1":{"loc":{"start":{"line":56,"column":6},"end":{"line":56,"column":89}},"type":"binary-expr","locations":[{"start":{"line":56,"column":6},"end":{"line":56,"column":16}},{"start":{"line":56,"column":20},"end":{"line":56,"column":48}},{"start":{"line":56,"column":52},"end":{"line":56,"column":69}},{"start":{"line":56,"column":73},"end":{"line":56,"column":89}}],"line":56},"2":{"loc":{"start":{"line":59,"column":2},"end":{"line":61,"column":3}},"type":"if","locations":[{"start":{"line":59,"column":2},"end":{"line":61,"column":3}},{"start":{},"end":{}}],"line":59},"3":{"loc":{"start":{"line":59,"column":6},"end":{"line":59,"column":105}},"type":"binary-expr","locations":[{"start":{"line":59,"column":6},"end":{"line":59,"column":20}},{"start":{"line":59,"column":24},"end":{"line":59,"column":56}},{"start":{"line":59,"column":60},"end":{"line":59,"column":81}},{"start":{"line":59,"column":85},"end":{"line":59,"column":105}}],"line":59},"4":{"loc":{"start":{"line":64,"column":2},"end":{"line":66,"column":3}},"type":"if","locations":[{"start":{"line":64,"column":2},"end":{"line":66,"column":3}},{"start":{},"end":{}}],"line":64},"5":{"loc":{"start":{"line":64,"column":6},"end":{"line":64,"column":56}},"type":"binary-expr","locations":[{"start":{"line":64,"column":6},"end":{"line":64,"column":14}},{"start":{"line":64,"column":18},"end":{"line":64,"column":56}}],"line":64},"6":{"loc":{"start":{"line":69,"column":2},"end":{"line":69,"column":39}},"type":"if","locations":[{"start":{"line":69,"column":2},"end":{"line":69,"column":39}},{"start":{},"end":{}}],"line":69},"7":{"loc":{"start":{"line":70,"column":2},"end":{"line":70,"column":39}},"type":"if","locations":[{"start":{"line":70,"column":2},"end":{"line":70,"column":39}},{"start":{},"end":{}}],"line":70},"8":{"loc":{"start":{"line":71,"column":2},"end":{"line":71,"column":39}},"type":"if","locations":[{"start":{"line":71,"column":2},"end":{"line":71,"column":39}},{"start":{},"end":{}}],"line":71},"9":{"loc":{"start":{"line":72,"column":2},"end":{"line":72,"column":39}},"type":"if","locations":[{"start":{"line":72,"column":2},"end":{"line":72,"column":39}},{"start":{},"end":{}}],"line":72},"10":{"loc":{"start":{"line":75,"column":2},"end":{"line":75,"column":52}},"type":"if","locations":[{"start":{"line":75,"column":2},"end":{"line":75,"column":52}},{"start":{},"end":{}}],"line":75},"11":{"loc":{"start":{"line":76,"column":2},"end":{"line":76,"column":52}},"type":"if","locations":[{"start":{"line":76,"column":2},"end":{"line":76,"column":52}},{"start":{},"end":{}}],"line":76},"12":{"loc":{"start":{"line":77,"column":2},"end":{"line":77,"column":52}},"type":"if","locations":[{"start":{"line":77,"column":2},"end":{"line":77,"column":52}},{"start":{},"end":{}}],"line":77},"13":{"loc":{"start":{"line":80,"column":2},"end":{"line":80,"column":67}},"type":"if","locations":[{"start":{"line":80,"column":2},"end":{"line":80,"column":67}},{"start":{},"end":{}}],"line":80},"14":{"loc":{"start":{"line":80,"column":6},"end":{"line":80,"column":54}},"type":"binary-expr","locations":[{"start":{"line":80,"column":6},"end":{"line":80,"column":32}},{"start":{"line":80,"column":36},"end":{"line":80,"column":54}}],"line":80},"15":{"loc":{"start":{"line":90,"column":2},"end":{"line":102,"column":3}},"type":"if","locations":[{"start":{"line":90,"column":2},"end":{"line":102,"column":3}},{"start":{},"end":{}}],"line":90},"16":{"loc":{"start":{"line":92,"column":4},"end":{"line":100,"column":5}},"type":"if","locations":[{"start":{"line":92,"column":4},"end":{"line":100,"column":5}},{"start":{},"end":{}}],"line":92},"17":{"loc":{"start":{"line":93,"column":6},"end":{"line":97,"column":35}},"type":"binary-expr","locations":[{"start":{"line":93,"column":6},"end":{"line":93,"column":40}},{"start":{"line":94,"column":6},"end":{"line":94,"column":35}},{"start":{"line":95,"column":6},"end":{"line":95,"column":38}},{"start":{"line":96,"column":6},"end":{"line":96,"column":38}},{"start":{"line":97,"column":6},"end":{"line":97,"column":35}}],"line":93},"18":{"loc":{"start":{"line":101,"column":11},"end":{"line":101,"column":52}},"type":"binary-expr","locations":[{"start":{"line":101,"column":11},"end":{"line":101,"column":22}},{"start":{"line":101,"column":26},"end":{"line":101,"column":52}}],"line":101},"19":{"loc":{"start":{"line":104,"column":2},"end":{"line":104,"column":97}},"type":"if","locations":[{"start":{"line":104,"column":2},"end":{"line":104,"column":97}},{"start":{},"end":{}}],"line":104},"20":{"loc":{"start":{"line":104,"column":29},"end":{"line":104,"column":96}},"type":"binary-expr","locations":[{"start":{"line":104,"column":29},"end":{"line":104,"column":40}},{"start":{"line":104,"column":44},"end":{"line":104,"column":96}}],"line":104},"21":{"loc":{"start":{"line":105,"column":2},"end":{"line":105,"column":84}},"type":"if","locations":[{"start":{"line":105,"column":2},"end":{"line":105,"column":84}},{"start":{},"end":{}}],"line":105},"22":{"loc":{"start":{"line":105,"column":29},"end":{"line":105,"column":83}},"type":"binary-expr","locations":[{"start":{"line":105,"column":29},"end":{"line":105,"column":40}},{"start":{"line":105,"column":44},"end":{"line":105,"column":83}}],"line":105},"23":{"loc":{"start":{"line":106,"column":2},"end":{"line":106,"column":106}},"type":"if","locations":[{"start":{"line":106,"column":2},"end":{"line":106,"column":106}},{"start":{},"end":{}}],"line":106},"24":{"loc":{"start":{"line":106,"column":29},"end":{"line":106,"column":105}},"type":"binary-expr","locations":[{"start":{"line":106,"column":29},"end":{"line":106,"column":40}},{"start":{"line":106,"column":44},"end":{"line":106,"column":105}}],"line":106},"25":{"loc":{"start":{"line":107,"column":2},"end":{"line":107,"column":76}},"type":"if","locations":[{"start":{"line":107,"column":2},"end":{"line":107,"column":76}},{"start":{},"end":{}}],"line":107},"26":{"loc":{"start":{"line":107,"column":29},"end":{"line":107,"column":75}},"type":"binary-expr","locations":[{"start":{"line":107,"column":29},"end":{"line":107,"column":40}},{"start":{"line":107,"column":44},"end":{"line":107,"column":75}}],"line":107},"27":{"loc":{"start":{"line":110,"column":2},"end":{"line":112,"column":3}},"type":"if","locations":[{"start":{"line":110,"column":2},"end":{"line":112,"column":3}},{"start":{},"end":{}}],"line":110},"28":{"loc":{"start":{"line":110,"column":6},"end":{"line":110,"column":48}},"type":"binary-expr","locations":[{"start":{"line":110,"column":6},"end":{"line":110,"column":19}},{"start":{"line":110,"column":23},"end":{"line":110,"column":48}}],"line":110},"29":{"loc":{"start":{"line":114,"column":9},"end":{"line":114,"column":55}},"type":"binary-expr","locations":[{"start":{"line":114,"column":9},"end":{"line":114,"column":20}},{"start":{"line":114,"column":24},"end":{"line":114,"column":55}}],"line":114},"30":{"loc":{"start":{"line":121,"column":2},"end":{"line":121,"column":36}},"type":"if","locations":[{"start":{"line":121,"column":2},"end":{"line":121,"column":36}},{"start":{},"end":{}}],"line":121},"31":{"loc":{"start":{"line":124,"column":2},"end":{"line":129,"column":3}},"type":"if","locations":[{"start":{"line":124,"column":2},"end":{"line":129,"column":3}},{"start":{},"end":{}}],"line":124},"32":{"loc":{"start":{"line":126,"column":15},"end":{"line":126,"column":58}},"type":"binary-expr","locations":[{"start":{"line":126,"column":15},"end":{"line":126,"column":22}},{"start":{"line":126,"column":27},"end":{"line":126,"column":33}},{"start":{"line":126,"column":38},"end":{"line":126,"column":45}},{"start":{"line":126,"column":49},"end":{"line":126,"column":58}}],"line":126},"33":{"loc":{"start":{"line":127,"column":15},"end":{"line":127,"column":55}},"type":"binary-expr","locations":[{"start":{"line":127,"column":15},"end":{"line":127,"column":20}},{"start":{"line":127,"column":27},"end":{"line":127,"column":36}},{"start":{"line":127,"column":40},"end":{"line":127,"column":55}}],"line":127},"34":{"loc":{"start":{"line":132,"column":2},"end":{"line":137,"column":3}},"type":"if","locations":[{"start":{"line":132,"column":2},"end":{"line":137,"column":3}},{"start":{},"end":{}}],"line":132},"35":{"loc":{"start":{"line":135,"column":15},"end":{"line":135,"column":70}},"type":"cond-expr","locations":[{"start":{"line":135,"column":45},"end":{"line":135,"column":52}},{"start":{"line":135,"column":55},"end":{"line":135,"column":70}}],"line":135},"36":{"loc":{"start":{"line":147,"column":20},"end":{"line":147,"column":44}},"type":"binary-expr","locations":[{"start":{"line":147,"column":20},"end":{"line":147,"column":30}},{"start":{"line":147,"column":35},"end":{"line":147,"column":44}}],"line":147},"37":{"loc":{"start":{"line":148,"column":20},"end":{"line":148,"column":53}},"type":"binary-expr","locations":[{"start":{"line":148,"column":20},"end":{"line":148,"column":35}},{"start":{"line":148,"column":39},"end":{"line":148,"column":46}},{"start":{"line":148,"column":50},"end":{"line":148,"column":53}}],"line":148},"38":{"loc":{"start":{"line":149,"column":20},"end":{"line":149,"column":73}},"type":"cond-expr","locations":[{"start":{"line":149,"column":48},"end":{"line":149,"column":59}},{"start":{"line":149,"column":62},"end":{"line":149,"column":73}}],"line":149},"39":{"loc":{"start":{"line":149,"column":21},"end":{"line":149,"column":44}},"type":"binary-expr","locations":[{"start":{"line":149,"column":21},"end":{"line":149,"column":29}},{"start":{"line":149,"column":33},"end":{"line":149,"column":44}}],"line":149},"40":{"loc":{"start":{"line":151,"column":2},"end":{"line":160,"column":3}},"type":"if","locations":[{"start":{"line":151,"column":2},"end":{"line":160,"column":3}},{"start":{"line":156,"column":9},"end":{"line":160,"column":3}}],"line":151},"41":{"loc":{"start":{"line":154,"column":6},"end":{"line":154,"column":48}},"type":"cond-expr","locations":[{"start":{"line":154,"column":34},"end":{"line":154,"column":43}},{"start":{"line":154,"column":46},"end":{"line":154,"column":48}}],"line":154},"42":{"loc":{"start":{"line":189,"column":15},"end":{"line":189,"column":37}},"type":"binary-expr","locations":[{"start":{"line":189,"column":15},"end":{"line":189,"column":23}},{"start":{"line":189,"column":30},"end":{"line":189,"column":37}}],"line":189},"43":{"loc":{"start":{"line":195,"column":2},"end":{"line":197,"column":3}},"type":"if","locations":[{"start":{"line":195,"column":2},"end":{"line":197,"column":3}},{"start":{},"end":{}}],"line":195},"44":{"loc":{"start":{"line":195,"column":6},"end":{"line":195,"column":53}},"type":"binary-expr","locations":[{"start":{"line":195,"column":6},"end":{"line":195,"column":22}},{"start":{"line":195,"column":26},"end":{"line":195,"column":53}}],"line":195},"45":{"loc":{"start":{"line":200,"column":2},"end":{"line":202,"column":3}},"type":"if","locations":[{"start":{"line":200,"column":2},"end":{"line":202,"column":3}},{"start":{},"end":{}}],"line":200},"46":{"loc":{"start":{"line":200,"column":6},"end":{"line":200,"column":44}},"type":"binary-expr","locations":[{"start":{"line":200,"column":6},"end":{"line":200,"column":31}},{"start":{"line":200,"column":35},"end":{"line":200,"column":44}}],"line":200},"47":{"loc":{"start":{"line":218,"column":17},"end":{"line":218,"column":32}},"type":"binary-expr","locations":[{"start":{"line":218,"column":17},"end":{"line":218,"column":21}},{"start":{"line":218,"column":25},"end":{"line":218,"column":32}}],"line":218},"48":{"loc":{"start":{"line":226,"column":27},"end":{"line":226,"column":57}},"type":"binary-expr","locations":[{"start":{"line":226,"column":27},"end":{"line":226,"column":34}},{"start":{"line":226,"column":38},"end":{"line":226,"column":57}}],"line":226},"49":{"loc":{"start":{"line":229,"column":17},"end":{"line":229,"column":29}},"type":"binary-expr","locations":[{"start":{"line":229,"column":17},"end":{"line":229,"column":23}},{"start":{"line":229,"column":27},"end":{"line":229,"column":29}}],"line":229},"50":{"loc":{"start":{"line":234,"column":17},"end":{"line":234,"column":39}},"type":"binary-expr","locations":[{"start":{"line":234,"column":17},"end":{"line":234,"column":25}},{"start":{"line":234,"column":29},"end":{"line":234,"column":39}}],"line":234},"51":{"loc":{"start":{"line":237,"column":20},"end":{"line":237,"column":87}},"type":"cond-expr","locations":[{"start":{"line":237,"column":31},"end":{"line":237,"column":74}},{"start":{"line":237,"column":77},"end":{"line":237,"column":87}}],"line":237},"52":{"loc":{"start":{"line":250,"column":27},"end":{"line":250,"column":90}},"type":"binary-expr","locations":[{"start":{"line":250,"column":27},"end":{"line":250,"column":34}},{"start":{"line":250,"column":38},"end":{"line":250,"column":90}}],"line":250},"53":{"loc":{"start":{"line":257,"column":27},"end":{"line":257,"column":77}},"type":"binary-expr","locations":[{"start":{"line":257,"column":27},"end":{"line":257,"column":34}},{"start":{"line":257,"column":38},"end":{"line":257,"column":77}}],"line":257},"54":{"loc":{"start":{"line":259,"column":17},"end":{"line":259,"column":42}},"type":"binary-expr","locations":[{"start":{"line":259,"column":17},"end":{"line":259,"column":21}},{"start":{"line":259,"column":25},"end":{"line":259,"column":42}}],"line":259}},"s":{"0":0,"1":0,"2":0,"3":0,"4":0,"5":0,"6":0,"7":0,"8":0,"9":0,"10":0,"11":0,"12":0,"13":0,"14":0,"15":0,"16":0,"17":0,"18":0,"19":0,"20":0,"21":0,"22":0,"23":0,"24":0,"25":0,"26":0,"27":0,"28":0,"29":0,"30":0,"31":0,"32":0,"33":0,"34":0,"35":0,"36":0,"37":0,"38":0,"39":0,"40":0,"41":0,"42":0,"43":0,"44":0,"45":0,"46":0,"47":0,"48":0,"49":0,"50":0,"51":0,"52":0,"53":0,"54":0,"55":0,"56":0,"57":0,"58":0,"59":0,"60":0,"61":0,"62":0,"63":0,"64":0,"65":0,"66":0,"67":0,"68":0,"69":0,"70":0,"71":0,"72":0,"73":0,"74":0,"75":0,"76":0,"77":0,"78":0,"79":0,"80":0,"81":0,"82":0,"83":0,"84":0,"85":0,"86":0,"87":0,"88":0,"89":0,"90":0,"91":0,"92":0,"93":0,"94":0,"95":0,"96":0,"97":0,"98":0,"99":0,"100":0,"101":0,"102":0,"103":0,"104":0,"105":0,"106":0,"107":0,"108":0,"109":0,"110":0,"111":0},"f":{"0":0,"1":0,"2":0,"3":0,"4":0,"5":0,"6":0,"7":0,"8":0,"9":0,"10":0,"11":0,"12":0,"13":0,"14":0,"15":0},"b":{"0":[0,0],"1":[0,0,0,0],"2":[0,0],"3":[0,0,0,0],"4":[0,0],"5":[0,0],"6":[0,0],"7":[0,0],"8":[0,0],"9":[0,0],"10":[0,0],"11":[0,0],"12":[0,0],"13":[0,0],"14":[0,0],"15":[0,0],"16":[0,0],"17":[0,0,0,0,0],"18":[0,0],"19":[0,0],"20":[0,0],"21":[0,0],"22":[0,0],"23":[0,0],"24":[0,0],"25":[0,0],"26":[0,0],"27":[0,0],"28":[0,0],"29":[0,0],"30":[0,0],"31":[0,0],"32":[0,0,0,0],"33":[0,0,0],"34":[0,0],"35":[0,0],"36":[0,0],"37":[0,0,0],"38":[0,0],"39":[0,0],"40":[0,0],"41":[0,0],"42":[0,0],"43":[0,0],"44":[0,0],"45":[0,0],"46":[0,0],"47":[0,0],"48":[0,0],"49":[0,0],"50":[0,0],"51":[0,0],"52":[0,0],"53":[0,0],"54":[0,0]}}
,"C:\\Users\\madhukumara\\qocreate-artifacts\\_standalone\\1c8dcf7d-f14e-41c0-be1d-60c389ed506d\\src\\models\\CartItem.js": {"path":"C:\\Users\\madhukumara\\qocreate-artifacts\\_standalone\\1c8dcf7d-f14e-41c0-be1d-60c389ed506d\\src\\models\\CartItem.js","statementMap":{"0":{"start":{"line":15,"column":25},"end":{"line":28,"column":1}},"1":{"start":{"line":16,"column":17},"end":{"line":16,"column":19}},"2":{"start":{"line":18,"column":2},"end":{"line":20,"column":3}},"3":{"start":{"line":19,"column":4},"end":{"line":19,"column":53}},"4":{"start":{"line":22,"column":19},"end":{"line":22,"column":46}},"5":{"start":{"line":23,"column":2},"end":{"line":25,"column":3}},"6":{"start":{"line":24,"column":4},"end":{"line":24,"column":77}},"7":{"start":{"line":27,"column":2},"end":{"line":27,"column":48}},"8":{"start":{"line":38,"column":18},"end":{"line":71,"column":1}},"9":{"start":{"line":39,"column":28},"end":{"line":39,"column":70}},"10":{"start":{"line":40,"column":2},"end":{"line":44,"column":3}},"11":{"start":{"line":41,"column":16},"end":{"line":41,"column":67}},"12":{"start":{"line":42,"column":4},"end":{"line":42,"column":34}},"13":{"start":{"line":43,"column":4},"end":{"line":43,"column":14}},"14":{"start":{"line":46,"column":19},"end":{"line":46,"column":54}},"15":{"start":{"line":47,"column":2},"end":{"line":51,"column":3}},"16":{"start":{"line":48,"column":16},"end":{"line":48,"column":72}},"17":{"start":{"line":49,"column":4},"end":{"line":49,"column":69}},"18":{"start":{"line":50,"column":4},"end":{"line":50,"column":14}},"19":{"start":{"line":53,"column":24},"end":{"line":53,"column":80}},"20":{"start":{"line":53,"column":49},"end":{"line":53,"column":79}},"21":{"start":{"line":55,"column":2},"end":{"line":62,"column":3}},"22":{"start":{"line":56,"column":24},"end":{"line":60,"column":5}},"23":{"start":{"line":57,"column":6},"end":{"line":59,"column":14}},"24":{"start":{"line":61,"column":4},"end":{"line":61,"column":23}},"25":{"start":{"line":64,"column":22},"end":{"line":68,"column":3}},"26":{"start":{"line":70,"column":2},"end":{"line":70,"column":32}},"27":{"start":{"line":79,"column":23},"end":{"line":84,"column":1}},"28":{"start":{"line":80,"column":2},"end":{"line":82,"column":3}},"29":{"start":{"line":81,"column":4},"end":{"line":81,"column":57}},"30":{"start":{"line":83,"column":2},"end":{"line":83,"column":63}},"31":{"start":{"line":83,"column":31},"end":{"line":83,"column":61}},"32":{"start":{"line":94,"column":23},"end":{"line":111,"column":1}},"33":{"start":{"line":95,"column":2},"end":{"line":97,"column":3}},"34":{"start":{"line":96,"column":4},"end":{"line":96,"column":57}},"35":{"start":{"line":99,"column":14},"end":{"line":99,"column":36}},"36":{"start":{"line":100,"column":2},"end":{"line":102,"column":3}},"37":{"start":{"line":101,"column":4},"end":{"line":101,"column":57}},"38":{"start":{"line":104,"column":2},"end":{"line":106,"column":3}},"39":{"start":{"line":105,"column":4},"end":{"line":105,"column":44}},"40":{"start":{"line":108,"column":2},"end":{"line":110,"column":4}},"41":{"start":{"line":109,"column":4},"end":{"line":109,"column":70}},"42":{"start":{"line":117,"column":18},"end":{"line":117,"column":26}},"43":{"start":{"line":117,"column":24},"end":{"line":117,"column":26}},"44":{"start":{"line":124,"column":23},"end":{"line":129,"column":1}},"45":{"start":{"line":125,"column":2},"end":{"line":128,"column":8}},"46":{"start":{"line":126,"column":18},"end":{"line":126,"column":69}},"47":{"start":{"line":127,"column":4},"end":{"line":127,"column":39}},"48":{"start":{"line":136,"column":27},"end":{"line":138,"column":1}},"49":{"start":{"line":137,"column":2},"end":{"line":137,"column":60}},"50":{"start":{"line":137,"column":36},"end":{"line":137,"column":55}},"51":{"start":{"line":140,"column":24},"end":{"line":148,"column":1}}},"fnMap":{"0":{"name":"(anonymous_0)","decl":{"start":{"line":15,"column":25},"end":{"line":15,"column":26}},"loc":{"start":{"line":15,"column":35},"end":{"line":28,"column":1}},"line":15},"1":{"name":"(anonymous_1)","decl":{"start":{"line":38,"column":18},"end":{"line":38,"column":19}},"loc":{"start":{"line":38,"column":60},"end":{"line":71,"column":1}},"line":38},"2":{"name":"(anonymous_2)","decl":{"start":{"line":53,"column":39},"end":{"line":53,"column":40}},"loc":{"start":{"line":53,"column":49},"end":{"line":53,"column":79}},"line":53},"3":{"name":"(anonymous_3)","decl":{"start":{"line":56,"column":33},"end":{"line":56,"column":34}},"loc":{"start":{"line":57,"column":6},"end":{"line":59,"column":14}},"line":57},"4":{"name":"(anonymous_4)","decl":{"start":{"line":79,"column":23},"end":{"line":79,"column":24}},"loc":{"start":{"line":79,"column":45},"end":{"line":84,"column":1}},"line":79},"5":{"name":"(anonymous_5)","decl":{"start":{"line":83,"column":21},"end":{"line":83,"column":22}},"loc":{"start":{"line":83,"column":31},"end":{"line":83,"column":61}},"line":83},"6":{"name":"(anonymous_6)","decl":{"start":{"line":94,"column":23},"end":{"line":94,"column":24}},"loc":{"start":{"line":94,"column":55},"end":{"line":111,"column":1}},"line":94},"7":{"name":"(anonymous_7)","decl":{"start":{"line":108,"column":18},"end":{"line":108,"column":19}},"loc":{"start":{"line":109,"column":4},"end":{"line":109,"column":70}},"line":109},"8":{"name":"(anonymous_8)","decl":{"start":{"line":117,"column":18},"end":{"line":117,"column":19}},"loc":{"start":{"line":117,"column":24},"end":{"line":117,"column":26}},"line":117},"9":{"name":"(anonymous_9)","decl":{"start":{"line":124,"column":23},"end":{"line":124,"column":24}},"loc":{"start":{"line":124,"column":33},"end":{"line":129,"column":1}},"line":124},"10":{"name":"(anonymous_10)","decl":{"start":{"line":125,"column":21},"end":{"line":125,"column":22}},"loc":{"start":{"line":125,"column":36},"end":{"line":128,"column":3}},"line":125},"11":{"name":"(anonymous_11)","decl":{"start":{"line":136,"column":27},"end":{"line":136,"column":28}},"loc":{"start":{"line":136,"column":37},"end":{"line":138,"column":1}},"line":136},"12":{"name":"(anonymous_12)","decl":{"start":{"line":137,"column":21},"end":{"line":137,"column":22}},"loc":{"start":{"line":137,"column":36},"end":{"line":137,"column":55}},"line":137}},"branchMap":{"0":{"loc":{"start":{"line":18,"column":2},"end":{"line":20,"column":3}},"type":"if","locations":[{"start":{"line":18,"column":2},"end":{"line":20,"column":3}},{"start":{},"end":{}}],"line":18},"1":{"loc":{"start":{"line":18,"column":6},"end":{"line":18,"column":94}},"type":"binary-expr","locations":[{"start":{"line":18,"column":6},"end":{"line":18,"column":22}},{"start":{"line":18,"column":26},"end":{"line":18,"column":61}},{"start":{"line":18,"column":65},"end":{"line":18,"column":94}}],"line":18},"2":{"loc":{"start":{"line":23,"column":2},"end":{"line":25,"column":3}},"type":"if","locations":[{"start":{"line":23,"column":2},"end":{"line":25,"column":3}},{"start":{},"end":{}}],"line":23},"3":{"loc":{"start":{"line":23,"column":6},"end":{"line":23,"column":58}},"type":"binary-expr","locations":[{"start":{"line":23,"column":6},"end":{"line":23,"column":21}},{"start":{"line":23,"column":25},"end":{"line":23,"column":58}}],"line":23},"4":{"loc":{"start":{"line":38,"column":43},"end":{"line":38,"column":55}},"type":"default-arg","locations":[{"start":{"line":38,"column":54},"end":{"line":38,"column":55}}],"line":38},"5":{"loc":{"start":{"line":40,"column":2},"end":{"line":44,"column":3}},"type":"if","locations":[{"start":{"line":40,"column":2},"end":{"line":44,"column":3}},{"start":{},"end":{}}],"line":40},"6":{"loc":{"start":{"line":47,"column":2},"end":{"line":51,"column":3}},"type":"if","locations":[{"start":{"line":47,"column":2},"end":{"line":51,"column":3}},{"start":{},"end":{}}],"line":47},"7":{"loc":{"start":{"line":55,"column":2},"end":{"line":62,"column":3}},"type":"if","locations":[{"start":{"line":55,"column":2},"end":{"line":62,"column":3}},{"start":{},"end":{}}],"line":55},"8":{"loc":{"start":{"line":57,"column":6},"end":{"line":59,"column":14}},"type":"cond-expr","locations":[{"start":{"line":58,"column":10},"end":{"line":58,"column":71}},{"start":{"line":59,"column":10},"end":{"line":59,"column":14}}],"line":57},"9":{"loc":{"start":{"line":80,"column":2},"end":{"line":82,"column":3}},"type":"if","locations":[{"start":{"line":80,"column":2},"end":{"line":82,"column":3}},{"start":{},"end":{}}],"line":80},"10":{"loc":{"start":{"line":80,"column":6},"end":{"line":80,"column":51}},"type":"binary-expr","locations":[{"start":{"line":80,"column":6},"end":{"line":80,"column":17}},{"start":{"line":80,"column":21},"end":{"line":80,"column":51}}],"line":80},"11":{"loc":{"start":{"line":95,"column":2},"end":{"line":97,"column":3}},"type":"if","locations":[{"start":{"line":95,"column":2},"end":{"line":97,"column":3}},{"start":{},"end":{}}],"line":95},"12":{"loc":{"start":{"line":95,"column":6},"end":{"line":95,"column":51}},"type":"binary-expr","locations":[{"start":{"line":95,"column":6},"end":{"line":95,"column":17}},{"start":{"line":95,"column":21},"end":{"line":95,"column":51}}],"line":95},"13":{"loc":{"start":{"line":100,"column":2},"end":{"line":102,"column":3}},"type":"if","locations":[{"start":{"line":100,"column":2},"end":{"line":102,"column":3}},{"start":{},"end":{}}],"line":100},"14":{"loc":{"start":{"line":104,"column":2},"end":{"line":106,"column":3}},"type":"if","locations":[{"start":{"line":104,"column":2},"end":{"line":106,"column":3}},{"start":{},"end":{}}],"line":104},"15":{"loc":{"start":{"line":109,"column":4},"end":{"line":109,"column":70}},"type":"cond-expr","locations":[{"start":{"line":109,"column":37},"end":{"line":109,"column":63}},{"start":{"line":109,"column":66},"end":{"line":109,"column":70}}],"line":109},"16":{"loc":{"start":{"line":126,"column":18},"end":{"line":126,"column":69}},"type":"cond-expr","locations":[{"start":{"line":126,"column":34},"end":{"line":126,"column":65}},{"start":{"line":126,"column":68},"end":{"line":126,"column":69}}],"line":126}},"s":{"0":0,"1":0,"2":0,"3":0,"4":0,"5":0,"6":0,"7":0,"8":0,"9":0,"10":0,"11":0,"12":0,"13":0,"14":0,"15":0,"16":0,"17":0,"18":0,"19":0,"20":0,"21":0,"22":0,"23":0,"24":0,"25":0,"26":0,"27":0,"28":0,"29":0,"30":0,"31":0,"32":0,"33":0,"34":0,"35":0,"36":0,"37":0,"38":0,"39":0,"40":0,"41":0,"42":0,"43":0,"44":0,"45":0,"46":0,"47":0,"48":0,"49":0,"50":0,"51":0},"f":{"0":0,"1":0,"2":0,"3":0,"4":0,"5":0,"6":0,"7":0,"8":0,"9":0,"10":0,"11":0,"12":0},"b":{"0":[0,0],"1":[0,0,0],"2":[0,0],"3":[0,0],"4":[0],"5":[0,0],"6":[0,0],"7":[0,0],"8":[0,0],"9":[0,0],"10":[0,0],"11":[0,0],"12":[0,0],"13":[0,0],"14":[0,0],"15":[0,0],"16":[0,0]}}
,"C:\\Users\\madhukumara\\qocreate-artifacts\\_standalone\\1c8dcf7d-f14e-41c0-be1d-60c389ed506d\\src\\models\\MenuItem.js": {"path":"C:\\Users\\madhukumara\\qocreate-artifacts\\_standalone\\1c8dcf7d-f14e-41c0-be1d-60c389ed506d\\src\\models\\MenuItem.js","statementMap":{"0":{"start":{"line":14,"column":25},"end":{"line":35,"column":1}},"1":{"start":{"line":15,"column":17},"end":{"line":15,"column":19}},"2":{"start":{"line":17,"column":2},"end":{"line":19,"column":3}},"3":{"start":{"line":18,"column":4},"end":{"line":18,"column":62}},"4":{"start":{"line":21,"column":2},"end":{"line":28,"column":3}},"5":{"start":{"line":22,"column":4},"end":{"line":22,"column":48}},"6":{"start":{"line":24,"column":18},"end":{"line":24,"column":40}},"7":{"start":{"line":25,"column":4},"end":{"line":27,"column":5}},"8":{"start":{"line":26,"column":6},"end":{"line":26,"column":68}},"9":{"start":{"line":30,"column":2},"end":{"line":32,"column":3}},"10":{"start":{"line":31,"column":4},"end":{"line":31,"column":67}},"11":{"start":{"line":34,"column":2},"end":{"line":34,"column":48}},"12":{"start":{"line":41,"column":16},"end":{"line":46,"column":1}},"13":{"start":{"line":42,"column":17},"end":{"line":42,"column":34}},"14":{"start":{"line":43,"column":2},"end":{"line":45,"column":5}},"15":{"start":{"line":53,"column":17},"end":{"line":59,"column":1}},"16":{"start":{"line":54,"column":2},"end":{"line":56,"column":3}},"17":{"start":{"line":55,"column":4},"end":{"line":55,"column":57}},"18":{"start":{"line":57,"column":17},"end":{"line":57,"column":34}},"19":{"start":{"line":58,"column":2},"end":{"line":58,"column":55}},"20":{"start":{"line":66,"column":15},"end":{"line":84,"column":1}},"21":{"start":{"line":67,"column":28},"end":{"line":67,"column":50}},"22":{"start":{"line":68,"column":2},"end":{"line":72,"column":3}},"23":{"start":{"line":69,"column":16},"end":{"line":69,"column":67}},"24":{"start":{"line":70,"column":4},"end":{"line":70,"column":34}},"25":{"start":{"line":71,"column":4},"end":{"line":71,"column":14}},"26":{"start":{"line":74,"column":17},"end":{"line":74,"column":34}},"27":{"start":{"line":75,"column":2},"end":{"line":83,"column":5}},"28":{"start":{"line":92,"column":15},"end":{"line":131,"column":1}},"29":{"start":{"line":93,"column":2},"end":{"line":95,"column":3}},"30":{"start":{"line":94,"column":4},"end":{"line":94,"column":57}},"31":{"start":{"line":97,"column":21},"end":{"line":97,"column":23}},"32":{"start":{"line":99,"column":2},"end":{"line":104,"column":3}},"33":{"start":{"line":100,"column":4},"end":{"line":102,"column":5}},"34":{"start":{"line":101,"column":6},"end":{"line":101,"column":68}},"35":{"start":{"line":103,"column":4},"end":{"line":103,"column":39}},"36":{"start":{"line":106,"column":2},"end":{"line":112,"column":3}},"37":{"start":{"line":107,"column":18},"end":{"line":107,"column":40}},"38":{"start":{"line":108,"column":4},"end":{"line":110,"column":5}},"39":{"start":{"line":109,"column":6},"end":{"line":109,"column":72}},"40":{"start":{"line":111,"column":4},"end":{"line":111,"column":29}},"41":{"start":{"line":114,"column":2},"end":{"line":119,"column":3}},"42":{"start":{"line":115,"column":4},"end":{"line":117,"column":5}},"43":{"start":{"line":116,"column":6},"end":{"line":116,"column":73}},"44":{"start":{"line":118,"column":4},"end":{"line":118,"column":47}},"45":{"start":{"line":121,"column":2},"end":{"line":123,"column":3}},"46":{"start":{"line":122,"column":4},"end":{"line":122,"column":79}},"47":{"start":{"line":125,"column":2},"end":{"line":127,"column":3}},"48":{"start":{"line":126,"column":4},"end":{"line":126,"column":70}},"49":{"start":{"line":129,"column":17},"end":{"line":129,"column":34}},"50":{"start":{"line":130,"column":2},"end":{"line":130,"column":69}},"51":{"start":{"line":138,"column":15},"end":{"line":144,"column":1}},"52":{"start":{"line":139,"column":2},"end":{"line":141,"column":3}},"53":{"start":{"line":140,"column":4},"end":{"line":140,"column":57}},"54":{"start":{"line":142,"column":17},"end":{"line":142,"column":34}},"55":{"start":{"line":143,"column":2},"end":{"line":143,"column":51}},"56":{"start":{"line":151,"column":15},"end":{"line":154,"column":1}},"57":{"start":{"line":152,"column":15},"end":{"line":152,"column":33}},"58":{"start":{"line":153,"column":2},"end":{"line":153,"column":23}},"59":{"start":{"line":156,"column":24},"end":{"line":164,"column":1}}},"fnMap":{"0":{"name":"(anonymous_0)","decl":{"start":{"line":14,"column":25},"end":{"line":14,"column":26}},"loc":{"start":{"line":14,"column":35},"end":{"line":35,"column":1}},"line":14},"1":{"name":"(anonymous_1)","decl":{"start":{"line":41,"column":16},"end":{"line":41,"column":17}},"loc":{"start":{"line":41,"column":28},"end":{"line":46,"column":1}},"line":41},"2":{"name":"(anonymous_2)","decl":{"start":{"line":53,"column":17},"end":{"line":53,"column":18}},"loc":{"start":{"line":53,"column":31},"end":{"line":59,"column":1}},"line":53},"3":{"name":"(anonymous_3)","decl":{"start":{"line":66,"column":15},"end":{"line":66,"column":16}},"loc":{"start":{"line":66,"column":31},"end":{"line":84,"column":1}},"line":66},"4":{"name":"(anonymous_4)","decl":{"start":{"line":92,"column":15},"end":{"line":92,"column":16}},"loc":{"start":{"line":92,"column":35},"end":{"line":131,"column":1}},"line":92},"5":{"name":"(anonymous_5)","decl":{"start":{"line":138,"column":15},"end":{"line":138,"column":16}},"loc":{"start":{"line":138,"column":29},"end":{"line":144,"column":1}},"line":138},"6":{"name":"(anonymous_6)","decl":{"start":{"line":151,"column":15},"end":{"line":151,"column":16}},"loc":{"start":{"line":151,"column":29},"end":{"line":154,"column":1}},"line":151}},"branchMap":{"0":{"loc":{"start":{"line":17,"column":2},"end":{"line":19,"column":3}},"type":"if","locations":[{"start":{"line":17,"column":2},"end":{"line":19,"column":3}},{"start":{},"end":{}}],"line":17},"1":{"loc":{"start":{"line":17,"column":6},"end":{"line":17,"column":76}},"type":"binary-expr","locations":[{"start":{"line":17,"column":6},"end":{"line":17,"column":16}},{"start":{"line":17,"column":20},"end":{"line":17,"column":49}},{"start":{"line":17,"column":53},"end":{"line":17,"column":76}}],"line":17},"2":{"loc":{"start":{"line":21,"column":2},"end":{"line":28,"column":3}},"type":"if","locations":[{"start":{"line":21,"column":2},"end":{"line":28,"column":3}},{"start":{"line":23,"column":9},"end":{"line":28,"column":3}}],"line":21},"3":{"loc":{"start":{"line":21,"column":6},"end":{"line":21,"column":53}},"type":"binary-expr","locations":[{"start":{"line":21,"column":6},"end":{"line":21,"column":30}},{"start":{"line":21,"column":34},"end":{"line":21,"column":53}}],"line":21},"4":{"loc":{"start":{"line":25,"column":4},"end":{"line":27,"column":5}},"type":"if","locations":[{"start":{"line":25,"column":4},"end":{"line":27,"column":5}},{"start":{},"end":{}}],"line":25},"5":{"loc":{"start":{"line":25,"column":8},"end":{"line":25,"column":33}},"type":"binary-expr","locations":[{"start":{"line":25,"column":8},"end":{"line":25,"column":20}},{"start":{"line":25,"column":24},"end":{"line":25,"column":33}}],"line":25},"6":{"loc":{"start":{"line":30,"column":2},"end":{"line":32,"column":3}},"type":"if","locations":[{"start":{"line":30,"column":2},"end":{"line":32,"column":3}},{"start":{},"end":{}}],"line":30},"7":{"loc":{"start":{"line":30,"column":6},"end":{"line":30,"column":88}},"type":"binary-expr","locations":[{"start":{"line":30,"column":6},"end":{"line":30,"column":20}},{"start":{"line":30,"column":24},"end":{"line":30,"column":57}},{"start":{"line":30,"column":61},"end":{"line":30,"column":88}}],"line":30},"8":{"loc":{"start":{"line":54,"column":2},"end":{"line":56,"column":3}},"type":"if","locations":[{"start":{"line":54,"column":2},"end":{"line":56,"column":3}},{"start":{},"end":{}}],"line":54},"9":{"loc":{"start":{"line":54,"column":6},"end":{"line":54,"column":35}},"type":"binary-expr","locations":[{"start":{"line":54,"column":6},"end":{"line":54,"column":9}},{"start":{"line":54,"column":13},"end":{"line":54,"column":35}}],"line":54},"10":{"loc":{"start":{"line":68,"column":2},"end":{"line":72,"column":3}},"type":"if","locations":[{"start":{"line":68,"column":2},"end":{"line":72,"column":3}},{"start":{},"end":{}}],"line":68},"11":{"loc":{"start":{"line":80,"column":19},"end":{"line":80,"column":68}},"type":"cond-expr","locations":[{"start":{"line":80,"column":38},"end":{"line":80,"column":61}},{"start":{"line":80,"column":64},"end":{"line":80,"column":68}}],"line":80},"12":{"loc":{"start":{"line":81,"column":16},"end":{"line":81,"column":59}},"type":"cond-expr","locations":[{"start":{"line":81,"column":32},"end":{"line":81,"column":52}},{"start":{"line":81,"column":55},"end":{"line":81,"column":59}}],"line":81},"13":{"loc":{"start":{"line":93,"column":2},"end":{"line":95,"column":3}},"type":"if","locations":[{"start":{"line":93,"column":2},"end":{"line":95,"column":3}},{"start":{},"end":{}}],"line":93},"14":{"loc":{"start":{"line":93,"column":6},"end":{"line":93,"column":35}},"type":"binary-expr","locations":[{"start":{"line":93,"column":6},"end":{"line":93,"column":9}},{"start":{"line":93,"column":13},"end":{"line":93,"column":35}}],"line":93},"15":{"loc":{"start":{"line":99,"column":2},"end":{"line":104,"column":3}},"type":"if","locations":[{"start":{"line":99,"column":2},"end":{"line":104,"column":3}},{"start":{},"end":{}}],"line":99},"16":{"loc":{"start":{"line":100,"column":4},"end":{"line":102,"column":5}},"type":"if","locations":[{"start":{"line":100,"column":4},"end":{"line":102,"column":5}},{"start":{},"end":{}}],"line":100},"17":{"loc":{"start":{"line":100,"column":8},"end":{"line":100,"column":64}},"type":"binary-expr","locations":[{"start":{"line":100,"column":8},"end":{"line":100,"column":37}},{"start":{"line":100,"column":41},"end":{"line":100,"column":64}}],"line":100},"18":{"loc":{"start":{"line":106,"column":2},"end":{"line":112,"column":3}},"type":"if","locations":[{"start":{"line":106,"column":2},"end":{"line":112,"column":3}},{"start":{},"end":{}}],"line":106},"19":{"loc":{"start":{"line":108,"column":4},"end":{"line":110,"column":5}},"type":"if","locations":[{"start":{"line":108,"column":4},"end":{"line":110,"column":5}},{"start":{},"end":{}}],"line":108},"20":{"loc":{"start":{"line":108,"column":8},"end":{"line":108,"column":33}},"type":"binary-expr","locations":[{"start":{"line":108,"column":8},"end":{"line":108,"column":20}},{"start":{"line":108,"column":24},"end":{"line":108,"column":33}}],"line":108},"21":{"loc":{"start":{"line":114,"column":2},"end":{"line":119,"column":3}},"type":"if","locations":[{"start":{"line":114,"column":2},"end":{"line":119,"column":3}},{"start":{},"end":{}}],"line":114},"22":{"loc":{"start":{"line":115,"column":4},"end":{"line":117,"column":5}},"type":"if","locations":[{"start":{"line":115,"column":4},"end":{"line":117,"column":5}},{"start":{},"end":{}}],"line":115},"23":{"loc":{"start":{"line":115,"column":8},"end":{"line":115,"column":72}},"type":"binary-expr","locations":[{"start":{"line":115,"column":8},"end":{"line":115,"column":41}},{"start":{"line":115,"column":45},"end":{"line":115,"column":72}}],"line":115},"24":{"loc":{"start":{"line":121,"column":2},"end":{"line":123,"column":3}},"type":"if","locations":[{"start":{"line":121,"column":2},"end":{"line":123,"column":3}},{"start":{},"end":{}}],"line":121},"25":{"loc":{"start":{"line":122,"column":29},"end":{"line":122,"column":78}},"type":"cond-expr","locations":[{"start":{"line":122,"column":48},"end":{"line":122,"column":71}},{"start":{"line":122,"column":74},"end":{"line":122,"column":78}}],"line":122},"26":{"loc":{"start":{"line":125,"column":2},"end":{"line":127,"column":3}},"type":"if","locations":[{"start":{"line":125,"column":2},"end":{"line":127,"column":3}},{"start":{},"end":{}}],"line":125},"27":{"loc":{"start":{"line":126,"column":26},"end":{"line":126,"column":69}},"type":"cond-expr","locations":[{"start":{"line":126,"column":42},"end":{"line":126,"column":62}},{"start":{"line":126,"column":65},"end":{"line":126,"column":69}}],"line":126},"28":{"loc":{"start":{"line":139,"column":2},"end":{"line":141,"column":3}},"type":"if","locations":[{"start":{"line":139,"column":2},"end":{"line":141,"column":3}},{"start":{},"end":{}}],"line":139},"29":{"loc":{"start":{"line":139,"column":6},"end":{"line":139,"column":35}},"type":"binary-expr","locations":[{"start":{"line":139,"column":6},"end":{"line":139,"column":9}},{"start":{"line":139,"column":13},"end":{"line":139,"column":35}}],"line":139}},"s":{"0":0,"1":0,"2":0,"3":0,"4":0,"5":0,"6":0,"7":0,"8":0,"9":0,"10":0,"11":0,"12":0,"13":0,"14":0,"15":0,"16":0,"17":0,"18":0,"19":0,"20":0,"21":0,"22":0,"23":0,"24":0,"25":0,"26":0,"27":0,"28":0,"29":0,"30":0,"31":0,"32":0,"33":0,"34":0,"35":0,"36":0,"37":0,"38":0,"39":0,"40":0,"41":0,"42":0,"43":0,"44":0,"45":0,"46":0,"47":0,"48":0,"49":0,"50":0,"51":0,"52":0,"53":0,"54":0,"55":0,"56":0,"57":0,"58":0,"59":0},"f":{"0":0,"1":0,"2":0,"3":0,"4":0,"5":0,"6":0},"b":{"0":[0,0],"1":[0,0,0],"2":[0,0],"3":[0,0],"4":[0,0],"5":[0,0],"6":[0,0],"7":[0,0,0],"8":[0,0],"9":[0,0],"10":[0,0],"11":[0,0],"12":[0,0],"13":[0,0],"14":[0,0],"15":[0,0],"16":[0,0],"17":[0,0],"18":[0,0],"19":[0,0],"20":[0,0],"21":[0,0],"22":[0,0],"23":[0,0],"24":[0,0],"25":[0,0],"26":[0,0],"27":[0,0],"28":[0,0],"29":[0,0]}}
,"C:\\Users\\madhukumara\\qocreate-artifacts\\_standalone\\1c8dcf7d-f14e-41c0-be1d-60c389ed506d\\src\\models\\Order.js": {"path":"C:\\Users\\madhukumara\\qocreate-artifacts\\_standalone\\1c8dcf7d-f14e-41c0-be1d-60c389ed506d\\src\\models\\Order.js","statementMap":{"0":{"start":{"line":15,"column":28},"end":{"line":37,"column":1}},"1":{"start":{"line":16,"column":17},"end":{"line":16,"column":19}},"2":{"start":{"line":18,"column":2},"end":{"line":20,"column":3}},"3":{"start":{"line":19,"column":4},"end":{"line":19,"column":66}},"4":{"start":{"line":22,"column":2},"end":{"line":34,"column":3}},"5":{"start":{"line":23,"column":4},"end":{"line":23,"column":60}},"6":{"start":{"line":25,"column":4},"end":{"line":33,"column":7}},"7":{"start":{"line":26,"column":6},"end":{"line":28,"column":7}},"8":{"start":{"line":27,"column":8},"end":{"line":27,"column":78}},"9":{"start":{"line":29,"column":18},"end":{"line":29,"column":45}},"10":{"start":{"line":30,"column":6},"end":{"line":32,"column":7}},"11":{"start":{"line":31,"column":8},"end":{"line":31,"column":85}},"12":{"start":{"line":36,"column":2},"end":{"line":36,"column":48}},"13":{"start":{"line":44,"column":23},"end":{"line":51,"column":1}},"14":{"start":{"line":45,"column":17},"end":{"line":45,"column":19}},"15":{"start":{"line":46,"column":24},"end":{"line":46,"column":51}},"16":{"start":{"line":47,"column":2},"end":{"line":49,"column":3}},"17":{"start":{"line":48,"column":4},"end":{"line":48,"column":77}},"18":{"start":{"line":50,"column":2},"end":{"line":50,"column":48}},"19":{"start":{"line":59,"column":15},"end":{"line":95,"column":1}},"20":{"start":{"line":60,"column":28},"end":{"line":60,"column":70}},"21":{"start":{"line":61,"column":2},"end":{"line":65,"column":3}},"22":{"start":{"line":62,"column":16},"end":{"line":62,"column":67}},"23":{"start":{"line":63,"column":4},"end":{"line":63,"column":34}},"24":{"start":{"line":64,"column":4},"end":{"line":64,"column":14}},"25":{"start":{"line":67,"column":17},"end":{"line":67,"column":34}},"26":{"start":{"line":69,"column":21},"end":{"line":73,"column":5}},"27":{"start":{"line":69,"column":46},"end":{"line":73,"column":3}},"28":{"start":{"line":75,"column":22},"end":{"line":78,"column":3}},"29":{"start":{"line":76,"column":19},"end":{"line":76,"column":55}},"30":{"start":{"line":80,"column":2},"end":{"line":94,"column":5}},"31":{"start":{"line":102,"column":21},"end":{"line":116,"column":1}},"32":{"start":{"line":103,"column":2},"end":{"line":105,"column":3}},"33":{"start":{"line":104,"column":4},"end":{"line":104,"column":52}},"34":{"start":{"line":106,"column":17},"end":{"line":106,"column":34}},"35":{"start":{"line":107,"column":2},"end":{"line":115,"column":5}},"36":{"start":{"line":123,"column":17},"end":{"line":139,"column":1}},"37":{"start":{"line":124,"column":2},"end":{"line":126,"column":3}},"38":{"start":{"line":125,"column":4},"end":{"line":125,"column":53}},"39":{"start":{"line":127,"column":17},"end":{"line":127,"column":34}},"40":{"start":{"line":128,"column":2},"end":{"line":138,"column":5}},"41":{"start":{"line":147,"column":21},"end":{"line":169,"column":1}},"42":{"start":{"line":148,"column":2},"end":{"line":150,"column":3}},"43":{"start":{"line":149,"column":4},"end":{"line":149,"column":53}},"44":{"start":{"line":152,"column":28},"end":{"line":152,"column":50}},"45":{"start":{"line":153,"column":2},"end":{"line":157,"column":3}},"46":{"start":{"line":154,"column":16},"end":{"line":154,"column":67}},"47":{"start":{"line":155,"column":4},"end":{"line":155,"column":34}},"48":{"start":{"line":156,"column":4},"end":{"line":156,"column":14}},"49":{"start":{"line":159,"column":17},"end":{"line":159,"column":34}},"50":{"start":{"line":160,"column":2},"end":{"line":168,"column":5}},"51":{"start":{"line":175,"column":16},"end":{"line":188,"column":1}},"52":{"start":{"line":176,"column":17},"end":{"line":176,"column":34}},"53":{"start":{"line":177,"column":2},"end":{"line":187,"column":5}},"54":{"start":{"line":190,"column":21},"end":{"line":198,"column":1}}},"fnMap":{"0":{"name":"(anonymous_0)","decl":{"start":{"line":15,"column":28},"end":{"line":15,"column":29}},"loc":{"start":{"line":15,"column":38},"end":{"line":37,"column":1}},"line":15},"1":{"name":"(anonymous_1)","decl":{"start":{"line":25,"column":27},"end":{"line":25,"column":28}},"loc":{"start":{"line":25,"column":42},"end":{"line":33,"column":5}},"line":25},"2":{"name":"(anonymous_2)","decl":{"start":{"line":44,"column":23},"end":{"line":44,"column":24}},"loc":{"start":{"line":44,"column":35},"end":{"line":51,"column":1}},"line":44},"3":{"name":"(anonymous_3)","decl":{"start":{"line":59,"column":15},"end":{"line":59,"column":16}},"loc":{"start":{"line":59,"column":44},"end":{"line":95,"column":1}},"line":59},"4":{"name":"(anonymous_4)","decl":{"start":{"line":69,"column":35},"end":{"line":69,"column":36}},"loc":{"start":{"line":69,"column":46},"end":{"line":73,"column":3}},"line":69},"5":{"name":"(anonymous_5)","decl":{"start":{"line":76,"column":4},"end":{"line":76,"column":5}},"loc":{"start":{"line":76,"column":19},"end":{"line":76,"column":55}},"line":76},"6":{"name":"(anonymous_6)","decl":{"start":{"line":102,"column":21},"end":{"line":102,"column":22}},"loc":{"start":{"line":102,"column":39},"end":{"line":116,"column":1}},"line":102},"7":{"name":"(anonymous_7)","decl":{"start":{"line":123,"column":17},"end":{"line":123,"column":18}},"loc":{"start":{"line":123,"column":31},"end":{"line":139,"column":1}},"line":123},"8":{"name":"(anonymous_8)","decl":{"start":{"line":147,"column":21},"end":{"line":147,"column":22}},"loc":{"start":{"line":147,"column":43},"end":{"line":169,"column":1}},"line":147},"9":{"name":"(anonymous_9)","decl":{"start":{"line":175,"column":16},"end":{"line":175,"column":17}},"loc":{"start":{"line":175,"column":28},"end":{"line":188,"column":1}},"line":175}},"branchMap":{"0":{"loc":{"start":{"line":18,"column":2},"end":{"line":20,"column":3}},"type":"if","locations":[{"start":{"line":18,"column":2},"end":{"line":20,"column":3}},{"start":{},"end":{}}],"line":18},"1":{"loc":{"start":{"line":18,"column":6},"end":{"line":18,"column":82}},"type":"binary-expr","locations":[{"start":{"line":18,"column":6},"end":{"line":18,"column":18}},{"start":{"line":18,"column":22},"end":{"line":18,"column":53}},{"start":{"line":18,"column":57},"end":{"line":18,"column":82}}],"line":18},"2":{"loc":{"start":{"line":22,"column":2},"end":{"line":34,"column":3}},"type":"if","locations":[{"start":{"line":22,"column":2},"end":{"line":34,"column":3}},{"start":{"line":24,"column":9},"end":{"line":34,"column":3}}],"line":22},"3":{"loc":{"start":{"line":22,"column":6},"end":{"line":22,"column":67}},"type":"binary-expr","locations":[{"start":{"line":22,"column":6},"end":{"line":22,"column":36}},{"start":{"line":22,"column":40},"end":{"line":22,"column":67}}],"line":22},"4":{"loc":{"start":{"line":26,"column":6},"end":{"line":28,"column":7}},"type":"if","locations":[{"start":{"line":26,"column":6},"end":{"line":28,"column":7}},{"start":{},"end":{}}],"line":26},"5":{"loc":{"start":{"line":26,"column":10},"end":{"line":26,"column":65}},"type":"binary-expr","locations":[{"start":{"line":26,"column":10},"end":{"line":26,"column":26}},{"start":{"line":26,"column":30},"end":{"line":26,"column":65}}],"line":26},"6":{"loc":{"start":{"line":30,"column":6},"end":{"line":32,"column":7}},"type":"if","locations":[{"start":{"line":30,"column":6},"end":{"line":32,"column":7}},{"start":{},"end":{}}],"line":30},"7":{"loc":{"start":{"line":30,"column":10},"end":{"line":30,"column":31}},"type":"binary-expr","locations":[{"start":{"line":30,"column":10},"end":{"line":30,"column":20}},{"start":{"line":30,"column":24},"end":{"line":30,"column":31}}],"line":30},"8":{"loc":{"start":{"line":47,"column":2},"end":{"line":49,"column":3}},"type":"if","locations":[{"start":{"line":47,"column":2},"end":{"line":49,"column":3}},{"start":{},"end":{}}],"line":47},"9":{"loc":{"start":{"line":61,"column":2},"end":{"line":65,"column":3}},"type":"if","locations":[{"start":{"line":61,"column":2},"end":{"line":65,"column":3}},{"start":{},"end":{}}],"line":61},"10":{"loc":{"start":{"line":72,"column":15},"end":{"line":72,"column":66}},"type":"cond-expr","locations":[{"start":{"line":72,"column":31},"end":{"line":72,"column":62}},{"start":{"line":72,"column":65},"end":{"line":72,"column":66}}],"line":72},"11":{"loc":{"start":{"line":103,"column":2},"end":{"line":105,"column":3}},"type":"if","locations":[{"start":{"line":103,"column":2},"end":{"line":105,"column":3}},{"start":{},"end":{}}],"line":103},"12":{"loc":{"start":{"line":103,"column":6},"end":{"line":103,"column":43}},"type":"binary-expr","locations":[{"start":{"line":103,"column":6},"end":{"line":103,"column":13}},{"start":{"line":103,"column":17},"end":{"line":103,"column":43}}],"line":103},"13":{"loc":{"start":{"line":124,"column":2},"end":{"line":126,"column":3}},"type":"if","locations":[{"start":{"line":124,"column":2},"end":{"line":126,"column":3}},{"start":{},"end":{}}],"line":124},"14":{"loc":{"start":{"line":124,"column":6},"end":{"line":124,"column":35}},"type":"binary-expr","locations":[{"start":{"line":124,"column":6},"end":{"line":124,"column":9}},{"start":{"line":124,"column":13},"end":{"line":124,"column":35}}],"line":124},"15":{"loc":{"start":{"line":148,"column":2},"end":{"line":150,"column":3}},"type":"if","locations":[{"start":{"line":148,"column":2},"end":{"line":150,"column":3}},{"start":{},"end":{}}],"line":148},"16":{"loc":{"start":{"line":148,"column":6},"end":{"line":148,"column":35}},"type":"binary-expr","locations":[{"start":{"line":148,"column":6},"end":{"line":148,"column":9}},{"start":{"line":148,"column":13},"end":{"line":148,"column":35}}],"line":148},"17":{"loc":{"start":{"line":153,"column":2},"end":{"line":157,"column":3}},"type":"if","locations":[{"start":{"line":153,"column":2},"end":{"line":157,"column":3}},{"start":{},"end":{}}],"line":153}},"s":{"0":0,"1":0,"2":0,"3":0,"4":0,"5":0,"6":0,"7":0,"8":0,"9":0,"10":0,"11":0,"12":0,"13":0,"14":0,"15":0,"16":0,"17":0,"18":0,"19":0,"20":0,"21":0,"22":0,"23":0,"24":0,"25":0,"26":0,"27":0,"28":0,"29":0,"30":0,"31":0,"32":0,"33":0,"34":0,"35":0,"36":0,"37":0,"38":0,"39":0,"40":0,"41":0,"42":0,"43":0,"44":0,"45":0,"46":0,"47":0,"48":0,"49":0,"50":0,"51":0,"52":0,"53":0,"54":0},"f":{"0":0,"1":0,"2":0,"3":0,"4":0,"5":0,"6":0,"7":0,"8":0,"9":0},"b":{"0":[0,0],"1":[0,0,0],"2":[0,0],"3":[0,0],"4":[0,0],"5":[0,0],"6":[0,0],"7":[0,0],"8":[0,0],"9":[0,0],"10":[0,0],"11":[0,0],"12":[0,0],"13":[0,0],"14":[0,0],"15":[0,0],"16":[0,0],"17":[0,0]}}
,"C:\\Users\\madhukumara\\qocreate-artifacts\\_standalone\\1c8dcf7d-f14e-41c0-be1d-60c389ed506d\\src\\models\\User.js": {"path":"C:\\Users\\madhukumara\\qocreate-artifacts\\_standalone\\1c8dcf7d-f14e-41c0-be1d-60c389ed506d\\src\\models\\User.js","statementMap":{"0":{"start":{"line":16,"column":25},"end":{"line":32,"column":1}},"1":{"start":{"line":17,"column":17},"end":{"line":17,"column":19}},"2":{"start":{"line":19,"column":2},"end":{"line":23,"column":3}},"3":{"start":{"line":20,"column":4},"end":{"line":20,"column":52}},"4":{"start":{"line":21,"column":9},"end":{"line":23,"column":3}},"5":{"start":{"line":22,"column":4},"end":{"line":22,"column":66}},"6":{"start":{"line":25,"column":2},"end":{"line":29,"column":3}},"7":{"start":{"line":26,"column":4},"end":{"line":26,"column":47}},"8":{"start":{"line":27,"column":9},"end":{"line":29,"column":3}},"9":{"start":{"line":28,"column":4},"end":{"line":28,"column":64}},"10":{"start":{"line":31,"column":2},"end":{"line":31,"column":48}},"11":{"start":{"line":39,"column":22},"end":{"line":53,"column":1}},"12":{"start":{"line":40,"column":17},"end":{"line":40,"column":19}},"13":{"start":{"line":42,"column":2},"end":{"line":46,"column":3}},"14":{"start":{"line":43,"column":4},"end":{"line":43,"column":52}},"15":{"start":{"line":44,"column":9},"end":{"line":46,"column":3}},"16":{"start":{"line":45,"column":4},"end":{"line":45,"column":66}},"17":{"start":{"line":48,"column":2},"end":{"line":50,"column":3}},"18":{"start":{"line":49,"column":4},"end":{"line":49,"column":47}},"19":{"start":{"line":52,"column":2},"end":{"line":52,"column":48}},"20":{"start":{"line":60,"column":15},"end":{"line":92,"column":1}},"21":{"start":{"line":61,"column":28},"end":{"line":61,"column":50}},"22":{"start":{"line":62,"column":2},"end":{"line":66,"column":3}},"23":{"start":{"line":63,"column":16},"end":{"line":63,"column":67}},"24":{"start":{"line":64,"column":4},"end":{"line":64,"column":34}},"25":{"start":{"line":65,"column":4},"end":{"line":65,"column":14}},"26":{"start":{"line":68,"column":17},"end":{"line":68,"column":34}},"27":{"start":{"line":70,"column":23},"end":{"line":72,"column":4}},"28":{"start":{"line":74,"column":2},"end":{"line":79,"column":3}},"29":{"start":{"line":76,"column":16},"end":{"line":76,"column":95}},"30":{"start":{"line":77,"column":4},"end":{"line":77,"column":70}},"31":{"start":{"line":78,"column":4},"end":{"line":78,"column":14}},"32":{"start":{"line":81,"column":25},"end":{"line":81,"column":77}},"33":{"start":{"line":83,"column":15},"end":{"line":89,"column":4}},"34":{"start":{"line":91,"column":2},"end":{"line":91,"column":26}},"35":{"start":{"line":101,"column":21},"end":{"line":125,"column":1}},"36":{"start":{"line":102,"column":20},"end":{"line":102,"column":54}},"37":{"start":{"line":103,"column":2},"end":{"line":105,"column":3}},"38":{"start":{"line":104,"column":4},"end":{"line":104,"column":16}},"39":{"start":{"line":107,"column":17},"end":{"line":107,"column":34}},"40":{"start":{"line":109,"column":15},"end":{"line":111,"column":4}},"41":{"start":{"line":113,"column":2},"end":{"line":117,"column":3}},"42":{"start":{"line":115,"column":4},"end":{"line":115,"column":99}},"43":{"start":{"line":116,"column":4},"end":{"line":116,"column":16}},"44":{"start":{"line":119,"column":24},"end":{"line":119,"column":69}},"45":{"start":{"line":120,"column":2},"end":{"line":122,"column":3}},"46":{"start":{"line":121,"column":4},"end":{"line":121,"column":16}},"47":{"start":{"line":124,"column":2},"end":{"line":124,"column":26}},"48":{"start":{"line":132,"column":17},"end":{"line":139,"column":1}},"49":{"start":{"line":133,"column":2},"end":{"line":135,"column":3}},"50":{"start":{"line":134,"column":4},"end":{"line":134,"column":52}},"51":{"start":{"line":136,"column":17},"end":{"line":136,"column":34}},"52":{"start":{"line":137,"column":15},"end":{"line":137,"column":62}},"53":{"start":{"line":138,"column":2},"end":{"line":138,"column":40}},"54":{"start":{"line":146,"column":20},"end":{"line":155,"column":1}},"55":{"start":{"line":147,"column":2},"end":{"line":149,"column":3}},"56":{"start":{"line":148,"column":4},"end":{"line":148,"column":58}},"57":{"start":{"line":150,"column":17},"end":{"line":150,"column":34}},"58":{"start":{"line":151,"column":15},"end":{"line":153,"column":4}},"59":{"start":{"line":154,"column":2},"end":{"line":154,"column":40}},"60":{"start":{"line":162,"column":19},"end":{"line":165,"column":1}},"61":{"start":{"line":163,"column":36},"end":{"line":163,"column":40}},"62":{"start":{"line":164,"column":2},"end":{"line":164,"column":18}},"63":{"start":{"line":167,"column":20},"end":{"line":175,"column":1}}},"fnMap":{"0":{"name":"(anonymous_0)","decl":{"start":{"line":16,"column":25},"end":{"line":16,"column":26}},"loc":{"start":{"line":16,"column":35},"end":{"line":32,"column":1}},"line":16},"1":{"name":"(anonymous_1)","decl":{"start":{"line":39,"column":22},"end":{"line":39,"column":23}},"loc":{"start":{"line":39,"column":32},"end":{"line":53,"column":1}},"line":39},"2":{"name":"(anonymous_2)","decl":{"start":{"line":60,"column":15},"end":{"line":60,"column":16}},"loc":{"start":{"line":60,"column":31},"end":{"line":92,"column":1}},"line":60},"3":{"name":"(anonymous_3)","decl":{"start":{"line":101,"column":21},"end":{"line":101,"column":22}},"loc":{"start":{"line":101,"column":48},"end":{"line":125,"column":1}},"line":101},"4":{"name":"(anonymous_4)","decl":{"start":{"line":132,"column":17},"end":{"line":132,"column":18}},"loc":{"start":{"line":132,"column":31},"end":{"line":139,"column":1}},"line":132},"5":{"name":"(anonymous_5)","decl":{"start":{"line":146,"column":20},"end":{"line":146,"column":21}},"loc":{"start":{"line":146,"column":37},"end":{"line":155,"column":1}},"line":146},"6":{"name":"(anonymous_6)","decl":{"start":{"line":162,"column":19},"end":{"line":162,"column":20}},"loc":{"start":{"line":162,"column":29},"end":{"line":165,"column":1}},"line":162}},"branchMap":{"0":{"loc":{"start":{"line":19,"column":2},"end":{"line":23,"column":3}},"type":"if","locations":[{"start":{"line":19,"column":2},"end":{"line":23,"column":3}},{"start":{"line":21,"column":9},"end":{"line":23,"column":3}}],"line":19},"1":{"loc":{"start":{"line":19,"column":6},"end":{"line":19,"column":79}},"type":"binary-expr","locations":[{"start":{"line":19,"column":6},"end":{"line":19,"column":17}},{"start":{"line":19,"column":21},"end":{"line":19,"column":51}},{"start":{"line":19,"column":55},"end":{"line":19,"column":79}}],"line":19},"2":{"loc":{"start":{"line":21,"column":9},"end":{"line":23,"column":3}},"type":"if","locations":[{"start":{"line":21,"column":9},"end":{"line":23,"column":3}},{"start":{},"end":{}}],"line":21},"3":{"loc":{"start":{"line":25,"column":2},"end":{"line":29,"column":3}},"type":"if","locations":[{"start":{"line":25,"column":2},"end":{"line":29,"column":3}},{"start":{"line":27,"column":9},"end":{"line":29,"column":3}}],"line":25},"4":{"loc":{"start":{"line":25,"column":6},"end":{"line":25,"column":88}},"type":"binary-expr","locations":[{"start":{"line":25,"column":6},"end":{"line":25,"column":20}},{"start":{"line":25,"column":24},"end":{"line":25,"column":57}},{"start":{"line":25,"column":61},"end":{"line":25,"column":88}}],"line":25},"5":{"loc":{"start":{"line":27,"column":9},"end":{"line":29,"column":3}},"type":"if","locations":[{"start":{"line":27,"column":9},"end":{"line":29,"column":3}},{"start":{},"end":{}}],"line":27},"6":{"loc":{"start":{"line":42,"column":2},"end":{"line":46,"column":3}},"type":"if","locations":[{"start":{"line":42,"column":2},"end":{"line":46,"column":3}},{"start":{"line":44,"column":9},"end":{"line":46,"column":3}}],"line":42},"7":{"loc":{"start":{"line":42,"column":6},"end":{"line":42,"column":79}},"type":"binary-expr","locations":[{"start":{"line":42,"column":6},"end":{"line":42,"column":17}},{"start":{"line":42,"column":21},"end":{"line":42,"column":51}},{"start":{"line":42,"column":55},"end":{"line":42,"column":79}}],"line":42},"8":{"loc":{"start":{"line":44,"column":9},"end":{"line":46,"column":3}},"type":"if","locations":[{"start":{"line":44,"column":9},"end":{"line":46,"column":3}},{"start":{},"end":{}}],"line":44},"9":{"loc":{"start":{"line":48,"column":2},"end":{"line":50,"column":3}},"type":"if","locations":[{"start":{"line":48,"column":2},"end":{"line":50,"column":3}},{"start":{},"end":{}}],"line":48},"10":{"loc":{"start":{"line":48,"column":6},"end":{"line":48,"column":88}},"type":"binary-expr","locations":[{"start":{"line":48,"column":6},"end":{"line":48,"column":20}},{"start":{"line":48,"column":24},"end":{"line":48,"column":57}},{"start":{"line":48,"column":61},"end":{"line":48,"column":88}}],"line":48},"11":{"loc":{"start":{"line":62,"column":2},"end":{"line":66,"column":3}},"type":"if","locations":[{"start":{"line":62,"column":2},"end":{"line":66,"column":3}},{"start":{},"end":{}}],"line":62},"12":{"loc":{"start":{"line":74,"column":2},"end":{"line":79,"column":3}},"type":"if","locations":[{"start":{"line":74,"column":2},"end":{"line":79,"column":3}},{"start":{},"end":{}}],"line":74},"13":{"loc":{"start":{"line":87,"column":12},"end":{"line":87,"column":47}},"type":"cond-expr","locations":[{"start":{"line":87,"column":24},"end":{"line":87,"column":40}},{"start":{"line":87,"column":43},"end":{"line":87,"column":47}}],"line":87},"14":{"loc":{"start":{"line":103,"column":2},"end":{"line":105,"column":3}},"type":"if","locations":[{"start":{"line":103,"column":2},"end":{"line":105,"column":3}},{"start":{},"end":{}}],"line":103},"15":{"loc":{"start":{"line":113,"column":2},"end":{"line":117,"column":3}},"type":"if","locations":[{"start":{"line":113,"column":2},"end":{"line":117,"column":3}},{"start":{},"end":{}}],"line":113},"16":{"loc":{"start":{"line":120,"column":2},"end":{"line":122,"column":3}},"type":"if","locations":[{"start":{"line":120,"column":2},"end":{"line":122,"column":3}},{"start":{},"end":{}}],"line":120},"17":{"loc":{"start":{"line":133,"column":2},"end":{"line":135,"column":3}},"type":"if","locations":[{"start":{"line":133,"column":2},"end":{"line":135,"column":3}},{"start":{},"end":{}}],"line":133},"18":{"loc":{"start":{"line":133,"column":6},"end":{"line":133,"column":35}},"type":"binary-expr","locations":[{"start":{"line":133,"column":6},"end":{"line":133,"column":9}},{"start":{"line":133,"column":13},"end":{"line":133,"column":35}}],"line":133},"19":{"loc":{"start":{"line":138,"column":9},"end":{"line":138,"column":39}},"type":"cond-expr","locations":[{"start":{"
[...]
ne":153,"column":25},"end":{"line":153,"column":56}},"47":{"start":{"line":154,"column":2},"end":{"line":156,"column":3}},"48":{"start":{"line":155,"column":4},"end":{"line":155,"column":45}},"49":{"start":{"line":158,"column":2},"end":{"line":162,"column":3}},"50":{"start":{"line":159,"column":4},"end":{"line":159,"column":44}},"51":{"start":{"line":160,"column":9},"end":{"line":162,"column":3}},"52":{"start":{"line":161,"column":4},"end":{"line":161,"column":72}},"53":{"start":{"line":164,"column":2},"end":{"line":167,"column":4}},"54":{"start":{"line":183,"column":29},"end":{"line":194,"column":1}},"55":{"start":{"line":184,"column":2},"end":{"line":186,"column":3}},"56":{"start":{"line":185,"column":4},"end":{"line":185,"column":74}},"57":{"start":{"line":187,"column":2},"end":{"line":192,"column":3}},"58":{"start":{"line":188,"column":4},"end":{"line":191,"column":6}},"59":{"start":{"line":193,"column":2},"end":{"line":193,"column":38}},"60":{"start":{"line":206,"column":30},"end":{"line":224,"column":1}},"61":{"start":{"line":207,"column":23},"end":{"line":207,"column":36}},"62":{"start":{"line":208,"column":2},"end":{"line":210,"column":3}},"63":{"start":{"line":209,"column":4},"end":{"line":209,"column":80}},"64":{"start":{"line":211,"column":2},"end":{"line":216,"column":3}},"65":{"start":{"line":212,"column":4},"end":{"line":215,"column":6}},"66":{"start":{"line":217,"column":2},"end":{"line":222,"column":3}},"67":{"start":{"line":218,"column":4},"end":{"line":221,"column":6}},"68":{"start":{"line":223,"column":2},"end":{"line":223,"column":38}},"69":{"start":{"line":234,"column":30},"end":{"line":239,"column":1}},"70":{"start":{"line":235,"column":2},"end":{"line":237,"column":3}},"71":{"start":{"line":236,"column":4},"end":{"line":236,"column":74}},"72":{"start":{"line":238,"column":2},"end":{"line":238,"column":38}},"73":{"start":{"line":247,"column":36},"end":{"line":261,"column":1}},"74":{"start":{"line":248,"column":2},"end":{"line":250,"column":3}},"75":{"start":{"line":249,"column":4},"end":{"line":249,"column":40}},"76":{"start":{"line":251,"column":2},"end":{"line":253,"column":3}},"77":{"start":{"line":252,"column":4},"end":{"line":252,"column":70}},"78":{"start":{"line":254,"column":2},"end":{"line":259,"column":3}},"79":{"start":{"line":255,"column":4},"end":{"line":258,"column":6}},"80":{"start":{"line":260,"column":2},"end":{"line":260,"column":38}},"81":{"start":{"line":269,"column":25},"end":{"line":290,"column":1}},"82":{"start":{"line":270,"column":17},"end":{"line":270,"column":19}},"83":{"start":{"line":272,"column":21},"end":{"line":272,"column":52}},"84":{"start":{"line":273,"column":2},"end":{"line":273,"column":58}},"85":{"start":{"line":273,"column":25},"end":{"line":273,"column":58}},"86":{"start":{"line":275,"column":22},"end":{"line":275,"column":55}},"87":{"start":{"line":276,"column":2},"end":{"line":276,"column":61}},"88":{"start":{"line":276,"column":26},"end":{"line":276,"column":61}},"89":{"start":{"line":278,"column":22},"end":{"line":278,"column":55}},"90":{"start":{"line":279,"column":2},"end":{"line":279,"column":61}},"91":{"start":{"line":279,"column":26},"end":{"line":279,"column":61}},"92":{"start":{"line":281,"column":2},"end":{"line":284,"column":3}},"93":{"start":{"line":282,"column":23},"end":{"line":282,"column":68}},"94":{"start":{"line":283,"column":4},"end":{"line":283,"column":67}},"95":{"start":{"line":283,"column":27},"end":{"line":283,"column":67}},"96":{"start":{"line":286,"column":2},"end":{"line":289,"column":4}},"97":{"start":{"line":306,"column":33},"end":{"line":327,"column":1}},"98":{"start":{"line":307,"column":21},"end":{"line":307,"column":37}},"99":{"start":{"line":308,"column":2},"end":{"line":313,"column":3}},"100":{"start":{"line":309,"column":4},"end":{"line":312,"column":6}},"101":{"start":{"line":314,"column":2},"end":{"line":319,"column":3}},"102":{"start":{"line":315,"column":4},"end":{"line":318,"column":6}},"103":{"start":{"line":320,"column":2},"end":{"line":325,"column":3}},"104":{"start":{"line":321,"column":4},"end":{"line":324,"column":6}},"105":{"start":{"line":326,"column":2},"end":{"line":326,"column":38}},"106":{"start":{"line":338,"column":26},"end":{"line":354,"column":1}},"107":{"start":{"line":339,"column":17},"end":{"line":339,"column":19}},"108":{"start":{"line":341,"column":2},"end":{"line":343,"column":3}},"109":{"start":{"line":342,"column":4},"end":{"line":342,"column":62}},"110":{"start":{"line":345,"column":25},"end":{"line":345,"column":71}},"111":{"start":{"line":346,"column":2},"end":{"line":348,"column":3}},"112":{"start":{"line":347,"column":4},"end":{"line":347,"column":45}},"113":{"start":{"line":350,"column":2},"end":{"line":353,"column":4}},"114":{"start":{"line":362,"column":31},"end":{"line":374,"column":1}},"115":{"start":{"line":363,"column":17},"end":{"line":363,"column":19}},"116":{"start":{"line":365,"column":25},"end":{"line":365,"column":73}},"117":{"start":{"line":366,"column":2},"end":{"line":368,"column":3}},"118":{"start":{"line":367,"column":4},"end":{"line":367,"column":45}},"119":{"start":{"line":370,"column":2},"end":{"line":373,"column":4}},"120":{"start":{"line":384,"column":29},"end":{"line":390,"column":2}},"121":{"start":{"line":398,"column":28},"end":{"line":409,"column":1}},"122":{"start":{"line":399,"column":2},"end":{"line":401,"column":3}},"123":{"start":{"line":400,"column":4},"end":{"line":400,"column":72}},"124":{"start":{"line":402,"column":2},"end":{"line":407,"column":3}},"125":{"start":{"line":403,"column":4},"end":{"line":406,"column":6}},"126":{"start":{"line":408,"column":2},"end":{"line":408,"column":38}},"127":{"start":{"line":418,"column":27},"end":{"line":432,"column":1}},"128":{"start":{"line":419,"column":17},"end":{"line":419,"column":19}},"129":{"start":{"line":421,"column":2},"end":{"line":426,"column":3}},"130":{"start":{"line":425,"column":4},"end":{"line":425,"column":63}},"131":{"start":{"line":428,"column":2},"end":{"line":431,"column":4}},"132":{"start":{"line":445,"column":19},"end":{"line":450,"column":1}},"133":{"start":{"line":446,"column":2},"end":{"line":448,"column":3}},"134":{"start":{"line":447,"column":4},"end":{"line":447,"column":81}},"135":{"start":{"line":449,"column":2},"end":{"line":449,"column":38}},"136":{"start":{"line":456,"column":0},"end":{"line":498,"column":2}}},"fnMap":{"0":{"name":"(anonymous_0)","decl":{"start":{"line":32,"column":25},"end":{"line":32,"column":26}},"loc":{"start":{"line":32,"column":36},"end":{"line":34,"column":1}},"line":32},"1":{"name":"(anonymous_1)","decl":{"start":{"line":41,"column":23},"end":{"line":41,"column":24}},"loc":{"start":{"line":41,"column":34},"end":{"line":43,"column":1}},"line":41},"2":{"name":"(anonymous_2)","decl":{"start":{"line":50,"column":26},"end":{"line":50,"column":27}},"loc":{"start":{"line":50,"column":37},"end":{"line":52,"column":1}},"line":50},"3":{"name":"(anonymous_3)","decl":{"start":{"line":67,"column":22},"end":{"line":67,"column":23}},"loc":{"start":{"line":67,"column":33},"end":{"line":79,"column":1}},"line":67},"4":{"name":"(anonymous_4)","decl":{"start":{"line":91,"column":25},"end":{"line":91,"column":26}},"loc":{"start":{"line":91,"column":39},"end":{"line":108,"column":1}},"line":91},"5":{"name":"(anonymous_5)","decl":{"start":{"line":120,"column":33},"end":{"line":120,"column":34}},"loc":{"start":{"line":120,"column":50},"end":{"line":137,"column":1}},"line":120},"6":{"name":"(anonymous_6)","decl":{"start":{"line":145,"column":33},"end":{"line":145,"column":34}},"loc":{"start":{"line":145,"column":43},"end":{"line":168,"column":1}},"line":145},"7":{"name":"(anonymous_7)","decl":{"start":{"line":183,"column":29},"end":{"line":183,"column":30}},"loc":{"start":{"line":183,"column":39},"end":{"line":194,"column":1}},"line":183},"8":{"name":"(anonymous_8)","decl":{"start":{"line":206,"column":30},"end":{"line":206,"column":31}},"loc":{"start":{"line":206,"column":41},"end":{"line":224,"column":1}},"line":206},"9":{"name":"(anonymous_9)","decl":{"start":{"line":234,"column":30},"end":{"line":234,"column":31}},"loc":{"start":{"line":234,"column":41},"end":{"line":239,"column":1}},"line":234},"10":{"name":"(anonymous_10)","decl":{"start":{"line":247,"column":36},"end":{"line":247,"column":37}},"loc":{"start":{"line":247,"column":53},"end":{"line":261,"column":1}},"line":247},"11":{"name":"(anonymous_11)","decl":{"start":{"line":269,"column":25},"end":{"line":269,"column":26}},"loc":{"start":{"line":269,"column":35},"end":{"line":290,"column":1}},"line":269},"12":{"name":"(anonymous_12)","decl":{"start":{"line":306,"column":33},"end":{"line":306,"column":34}},"loc":{"start":{"line":306,"column":47},"end":{"line":327,"column":1}},"line":306},"13":{"name":"(anonymous_13)","decl":{"start":{"line":338,"column":26},"end":{"line":338,"column":27}},"loc":{"start":{"line":338,"column":43},"end":{"line":354,"column":1}},"line":338},"14":{"name":"(anonymous_14)","decl":{"start":{"line":362,"column":31},"end":{"line":362,"column":32}},"loc":{"start":{"line":362,"column":50},"end":{"line":374,"column":1}},"line":362},"15":{"name":"(anonymous_15)","decl":{"start":{"line":398,"column":28},"end":{"line":398,"column":29}},"loc":{"start":{"line":398,"column":40},"end":{"line":409,"column":1}},"line":398},"16":{"name":"(anonymous_16)","decl":{"start":{"line":418,"column":27},"end":{"line":418,"column":28}},"loc":{"start":{"line":418,"column":45},"end":{"line":432,"column":1}},"line":418},"17":{"name":"(anonymous_17)","decl":{"start":{"line":445,"column":19},"end":{"line":445,"column":20}},"loc":{"start":{"line":445,"column":45},"end":{"line":450,"column":1}},"line":445}},"branchMap":{"0":{"loc":{"start":{"line":33,"column":9},"end":{"line":33,"column":61}},"type":"binary-expr","locations":[{"start":{"line":33,"column":9},"end":{"line":33,"column":34}},{"start":{"line":33,"column":38},"end":{"line":33,"column":61}}],"line":33},"1":{"loc":{"start":{"line":42,"column":9},"end":{"line":42,"column":60}},"type":"binary-expr","locations":[{"start":{"line":42,"column":9},"end":{"line":42,"column":34}},{"start":{"line":42,"column":38},"end":{"line":42,"column":60}}],"line":42},"2":{"loc":{"start":{"line":51,"column":9},"end":{"line":51,"column":45}},"type":"binary-expr","locations":[{"start":{"line":51,"column":9},"end":{"line":51,"column":32}},{"start":{"line":51,"column":36},"end":{"line":51,"column":45}}],"line":51},"3":{"loc":{"start":{"line":68,"column":2},"end":{"line":70,"column":3}},"type":"if","locations":[{"start":{"line":68,"column":2},"end":{"line":70,"column":3}},{"start":{},"end":{}}],"line":68},"4":{"loc":{"start":{"line":72,"column":2},"end":{"line":74,"column":3}},"type":"if","locations":[{"start":{"line":72,"column":2},"end":{"line":74,"column":3}},{"start":{},"end":{}}],"line":72},"5":{"loc":{"start":{"line":75,"column":2},"end":{"line":77,"column":3}},"type":"if","locations":[{"start":{"line":75,"column":2},"end":{"line":77,"column":3}},{"start":{},"end":{}}],"line":75},"6":{"loc":{"start":{"line":92,"column":2},"end":{"line":94,"column":3}},"type":"if","locations":[{"start":{"line":92,"column":2},"end":{"line":94,"column":3}},{"start":{},"end":{}}],"line":92},"7":{"loc":{"start":{"line":95,"column":2},"end":{"line":100,"column":3}},"type":"if","locations":[{"start":{"line":95,"column":2},"end":{"line":100,"column":3}},{"start":{},"end":{}}],"line":95},"8":{"loc":{"start":{"line":101,"column":2},"end":{"line":106,"column":3}},"type":"if","locations":[{"start":{"line":101,"column":2},"end":{"line":106,"column":3}},{"start":{},"end":{}}],"line":101},"9":{"loc":{"start":{"line":124,"column":2},"end":{"line":126,"column":3}},"type":"if","locations":[{"start":{"line":124,"column":2},"end":{"line":126,"column":3}},{"start":{},"end":{}}],"line":124},"10":{"loc":{"start":{"line":129,"column":2},"end":{"line":131,"column":3}},"type":"if","locations":[{"start":{"line":129,"column":2},"end":{"line":131,"column":3}},{"start":{},"end":{}}],"line":129},"11":{"loc":{"start":{"line":149,"column":2},"end":{"line":151,"column":3}},"type":"if","locations":[{"start":{"line":149,"column":2},"end":{"line":151,"column":3}},{"start":{},"end":{}}],"line":149},"12":{"loc":{"start":{"line":154,"column":2},"end":{"line":156,"column":3}},"type":"if","locations":[{"start":{"line":154,"column":2},"end":{"line":156,"column":3}},{"start":{},"end":{}}],"line":154},"13":{"loc":{"start":{"line":158,"column":2},"end":{"line":162,"column":3}},"type":"if","locations":[{"start":{"line":158,"column":2},"end":{"line":162,"column":3}},{"start":{"line":160,"column":9},"end":{"line":162,"column":3}}],"line":158},"14":{"loc":{"start":{"line":160,"column":9},"end":{"line":162,"column":3}},"type":"if","locations":[{"start":{"line":160,"column":9},"end":{"line":162,"column":3}},{"start":{},"end":{}}],"line":160},"15":{"loc":{"start":{"line":184,"column":2},"end":{"line":186,"column":3}},"type":"if","locations":[{"start":{"line":184,"column":2},"end":{"line":186,"column":3}},{"start":{},"end":{}}],"line":184},"16":{"loc":{"start":{"line":187,"column":2},"end":{"line":192,"column":3}},"type":"if","locations":[{"start":{"line":187,"column":2},"end":{"line":192,"column":3}},{"start":{},"end":{}}],"line":187},"17":{"loc":{"start":{"line":208,"column":2},"end":{"line":210,"column":3}},"type":"if","locations":[{"start":{"line":208,"column":2},"end":{"line":210,"column":3}},{"start":{},"end":{}}],"line":208},"18":{"loc":{"start":{"line":211,"column":2},"end":{"line":216,"column":3}},"type":"if","locations":[{"start":{"line":211,"column":2},"end":{"line":216,"column":3}},{"start":{},"end":{}}],"line":211},"19":{"loc":{"start":{"line":217,"column":2},"end":{"line":222,"column":3}},"type":"if","locations":[{"start":{"line":217,"column":2},"end":{"line":222,"column":3}},{"start":{},"end":{}}],"line":217},"20":{"loc":{"start":{"line":235,"column":2},"end":{"line":237,"column":3}},"type":"if","locations":[{"start":{"line":235,"column":2},"end":{"line":237,"column":3}},{"start":{},"end":{}}],"line":235},"21":{"loc":{"start":{"line":248,"column":2},"end":{"line":250,"column":3}},"type":"if","locations":[{"start":{"line":248,"column":2},"end":{"line":250,"column":3}},{"start":{},"end":{}}],"line":248},"22":{"loc":{"start":{"line":248,"column":6},"end":{"line":248,"column":77}},"type":"binary-expr","locations":[{"start":{"line":248,"column":6},"end":{"line":248,"column":31}},{"start":{"line":248,"column":35},"end":{"line":248,"column":55}},{"start":{"line":248,"column":59},"end":{"line":248,"column":77}}],"line":248},"23":{"loc":{"start":{"line":251,"column":2},"end":{"line":253,"column":3}},"type":"if","locations":[{"start":{"line":251,"column":2},"end":{"line":253,"column":3}},{"start":{},"end":{}}],"line":251},"24":{"loc":{"start":{"line":254,"column":2},"end":{"line":259,"column":3}},"type":"if","locations":[{"start":{"line":254,"column":2},"end":{"line":259,"column":3}},{"start":{},"end":{}}],"line":254},"25":{"loc":{"start":{"line":273,"column":2},"end":{"line":273,"column":58}},"type":"if","locations":[{"start":{"line":273,"column":2},"end":{"line":273,"column":58}},{"start":{},"end":{}}],"line":273},"26":{"loc":{"start":{"line":276,"column":2},"end":{"line":276,"column":61}},"type":"if","locations":[{"start":{"line":276,"column":2},"end":{"line":276,"column":61}},{"start":{},"end":{}}],"line":276},"27":{"loc":{"start":{"line":279,"column":2},"end":{"line":279,"column":61}},"type":"if","locations":[{"start":{"line":279,"column":2},"end":{"line":279,"column":61}},{"start":{},"end":{}}],"line":279},"28":{"loc":{"start":{"line":281,"column":2},"end":{"line":284,"column":3}},"type":"if","locations":[{"start":{"line":281,"column":2},"end":{"line":284,"column":3}},{"start":{},"end":{}}],"line":281},"29":{"loc":{"start":{"line":283,"column":4},"end":{"line":283,"column":67}},"type":"if","locations":[{"start":{"line":283,"column":4},"end":{"line":283,"column":67}},{"start":{},"end":{}}],"line":283},"30":{"loc":{"start":{"line":308,"column":2},"end":{"line":313,"column":3}},"type":"if","locations":[{"start":{"line":308,"column":2},"end":{"line":313,"column":3}},{"start":{},"end":{}}],"line":308},"31":{"loc":{"start":{"line":314,"column":2},"end":{"line":319,"column":3}},"type":"if","locations":[{"start":{"line":314,"column":2},"end":{"line":319,"column":3}},{"start":{},"end":{}}],"line":314},"32":{"loc":{"start":{"line":320,"column":2},"end":{"line":325,"column":3}},"type":"if","locations":[{"start":{"line":320,"column":2},"end":{"line":325,"column":3}},{"start":{},"end":{}}],"line":320},"33":{"loc":{"start":{"line":341,"column":2},"end":{"line":343,"column":3}},"type":"if","locations":[{"start":{"line":341,"column":2},"end":{"line":343,"column":3}},{"start":{},"end":{}}],"line":341},"34":{"loc":{"start":{"line":346,"column":2},"end":{"line":348,"column":3}},"type":"if","locations":[{"start":{"line":346,"column":2},"end":{"line":348,"column":3}},{"start":{},"end":{}}],"line":346},"35":{"loc":{"start":{"line":366,"column":2},"end":{"line":368,"column":3}},"type":"if","locations":[{"start":{"line":366,"column":2},"end":{"line":368,"column":3}},{"start":{},"end":{}}],"line":366},"36":{"loc":{"start":{"line":399,"column":2},"end":{"line":401,"column":3}},"type":"if","locations":[{"start":{"line":399,"column":2},"end":{"line":401,"column":3}},{"start":{},"end":{}}],"line":399},"37":{"loc":{"start":{"line":402,"column":2},"end":{"line":407,"column":3}},"type":"if","locations":[{"start":{"line":402,"column":2},"end":{"line":407,"column":3}},{"start":{},"end":{}}],"line":402},"38":{"loc":{"start":{"line":421,"column":2},"end":{"line":426,"column":3}},"type":"if","locations":[{"start":{"line":421,"column":2},"end":{"line":426,"column":3}},{"start":{},"end":{}}],"line":421},"39":{"loc":{"start":{"line":422,"column":4},"end":{"line":423,"column":39}},"type":"binary-expr","locations":[{"start":{"line":422,"column":4},"end":{"line":422,"column":42}},{"start":{"line":423,"column":4},"end":{"line":423,"column":39}}],"line":422},"40":{"loc":{"start":{"line":445,"column":24},"end":{"line":445,"column":40}},"type":"default-arg","locations":[{"start":{"line":445,"column":36},"end":{"line":445,"column":40}}],"line":445},"41":{"loc":{"start":{"line":446,"column":2},"end":{"line":448,"column":3}},"type":"if","locations":[{"start":{"line":446,"column":2},"end":{"line":448,"column":3}},{"start":{},"end":{}}],"line":446}},"s":{"0":0,"1":0,"2":0,"3":0,"4":0,"5":0,"6":0,"7":0,"8":0,"9":0,"10":0,"11":0,"12":0,"13":0,"14":0,"15":0,"16":0,"17":0,"18":0,"19":0,"20":0,"21":0,"22":0,"23":0,"24":0,"25":0,"26":0,"27":0,"28":0,"29":0,"30":0,"31":0,"32":0,"33":0,"34":0,"35":0,"36":0,"37":0,"38":0,"39":0,"40":0,"41":0,"42":0,"43":0,"44":0,"45":0,"46":0,"47":0,"48":0,"49":0,"50":0,"51":0,"52":0,"53":0,"54":0,"55":0,"56":0,"57":0,"58":0,"59":0,"60":0,"61":0,"62":0,"63":0,"64":0,"65":0,"66":0,"67":0,"68":0,"69":0,"70":0,"71":0,"72":0,"73":0,"74":0,"75":0,"76":0,"77":0,"78":0,"79":0,"80":0,"81":0,"82":0,"83":0,"84":0,"85":0,"86":0,"87":0,"88":0,"89":0,"90":0,"91":0,"92":0,"93":0,"94":0,"95":0,"96":0,"97":0,"98":0,"99":0,"100":0,"101":0,"102":0,"103":0,"104":0,"105":0,"106":0,"107":0,"108":0,"109":0,"110":0,"111":0,"112":0,"113":0,"114":0,"115":0,"116":0,"117":0,"118":0,"119":0,"120":0,"121":0,"122":0,"123":0,"124":0,"125":0,"126":0,"127":0,"128":0,"129":0,"130":0,"131":0,"132":0,"133":0,"134":0,"135":0,"136":0},"f":{"0":0,"1":0,"2":0,"3":0,"4":0,"5":0,"6":0,"7":0,"8":0,"9":0,"10":0,"11":0,"12":0,"13":0,"14":0,"15":0,"16":0,"17":0},"b":{"0":[0,0],"1":[0,0],"2":[0,0],"3":[0,0],"4":[0,0],"5":[0,0],"6":[0,0],"7":[0,0],"8":[0,0],"9":[0,0],"10":[0,0],"11":[0,0],"12":[0,0],"13":[0,0],"14":[0,0],"15":[0,0],"16":[0,0],"17":[0,0],"18":[0,0],"19":[0,0],"20":[0,0],"21":[0,0],"22":[0,0,0],"23":[0,0],"24":[0,0],"25":[0,0],"26":[0,0],"27":[0,0],"28":[0,0],"29":[0,0],"30":[0,0],"31":[0,0],"32":[0,0],"33":[0,0],"34":[0,0],"35":[0,0],"36":[0,0],"37":[0,0],"38":[0,0],"39":[0,0],"40":[0],"41":[0,0]}}
}
