TN:
SF:src\config\database.js
FN:15,(anonymous_0)
FN:43,(anonymous_1)
FN:58,(anonymous_2)
FNF:3
FNH:0
FNDA:0,(anonymous_0)
FNDA:0,(anonymous_1)
FNDA:0,(anonymous_2)
DA:5,0
DA:6,0
DA:15,0
DA:16,0
DA:17,0
DA:20,0
DA:21,0
DA:27,0
DA:28,0
DA:33,0
DA:36,0
DA:43,0
DA:44,0
DA:45,0
DA:46,0
DA:47,0
DA:49,0
DA:50,0
DA:58,0
DA:59,0
DA:60,0
DA:61,0
DA:62,0
DA:64,0
DA:68,0
LF:25
LH:0
BRDA:16,0,0,0
BRDA:16,0,1,0
BRDA:20,1,0,0
BRDA:20,1,1,0
BRDA:27,2,0,0
BRDA:27,2,1,0
BRF:6
BRH:0
end_of_record
TN:
SF:src\config\env.js
FN:12,(anonymous_0)
FN:15,(anonymous_1)
FN:27,(anonymous_2)
FNF:3
FNH:0
FNDA:0,(anonymous_0)
FNDA:0,(anonymous_1)
FNDA:0,(anonymous_2)
DA:5,0
DA:12,0
DA:13,0
DA:15,0
DA:16,0
DA:17,0
DA:18,0
DA:19,0
DA:21,0
DA:22,0
DA:24,0
DA:27,0
DA:28,0
DA:29,0
DA:30,0
DA:31,0
DA:33,0
DA:34,0
DA:36,0
DA:37,0
DA:38,0
DA:40,0
DA:43,0
DA:53,0
DA:54,0
DA:60,0
DA:61,0
DA:66,0
DA:67,0
DA:72,0
DA:75,0
DA:77,0
LF:32
LH:0
BRDA:17,0,0,0
BRDA:17,0,1,0
BRDA:17,1,0,0
BRDA:17,1,1,0
BRDA:18,2,0,0
BRDA:18,2,1,0
BRDA:29,3,0,0
BRDA:29,3,1,0
BRDA:29,4,0,0
BRDA:29,4,1,0
BRDA:30,5,0,0
BRDA:30,5,1,0
BRDA:37,6,0,0
BRDA:37,6,1,0
BRDA:53,7,0,0
BRDA:53,7,1,0
BRDA:60,8,0,0
BRDA:60,8,1,0
BRDA:66,9,0,0
BRDA:66,9,1,0
BRDA:66,10,0,0
BRDA:66,10,1,0
BRF:22
BRH:0
end_of_record
TN:
SF:src\middleware\errorHandler.js
FN:54,(anonymous_0)
FN:88,(anonymous_1)
FN:120,(anonymous_2)
FN:125,(anonymous_3)
FN:133,(anonymous_4)
FN:145,(anonymous_5)
FN:166,(anonymous_6)
FN:178,(anonymous_7)
FN:215,(anonymous_8)
FN:225,(anonymous_9)
FN:233,(anonymous_10)
FN:241,(anonymous_11)
FN:249,(anonymous_12)
FN:256,(anonymous_13)
FN:270,(anonymous_14)
FN:270,(anonymous_15)
FNF:16
FNH:0
FNDA:0,(anonymous_0)
FNDA:0,(anonymous_1)
FNDA:0,(anonymous_2)
FNDA:0,(anonymous_3)
FNDA:0,(anonymous_4)
FNDA:0,(anonymous_5)
FNDA:0,(anonymous_6)
FNDA:0,(anonymous_7)
FNDA:0,(anonymous_8)
FNDA:0,(anonymous_9)
FNDA:0,(anonymous_10)
FNDA:0,(anonymous_11)
FNDA:0,(anonymous_12)
FNDA:0,(anonymous_13)
FNDA:0,(anonymous_14)
FNDA:0,(anonymous_15)
DA:16,0
DA:21,0
DA:54,0
DA:56,0
DA:57,0
DA:59,0
DA:60,0
DA:64,0
DA:65,0
DA:69,0
DA:70,0
DA:71,0
DA:72,0
DA:75,0
DA:76,0
DA:77,0
DA:80,0
DA:82,0
DA:88,0
DA:90,0
DA:92,0
DA:99,0
DA:101,0
DA:104,0
DA:105,0
DA:106,0
DA:107,0
DA:110,0
DA:111,0
DA:114,0
DA:120,0
DA:121,0
DA:124,0
DA:125,0
DA:132,0
DA:133,0
DA:139,0
DA:145,0
DA:146,0
DA:147,0
DA:148,0
DA:149,0
DA:151,0
DA:152,0
DA:157,0
DA:166,0
DA:167,0
DA:168,0
DA:169,0
DA:170,0
DA:178,0
DA:179,0
DA:180,0
DA:181,0
DA:183,0
DA:185,0
DA:195,0
DA:196,0
DA:200,0
DA:201,0
DA:204,0
DA:215,0
DA:216,0
DA:217,0
DA:218,0
DA:219,0
DA:225,0
DA:226,0
DA:227,0
DA:228,0
DA:229,0
DA:230,0
DA:233,0
DA:234,0
DA:235,0
DA:236,0
DA:237,0
DA:238,0
DA:241,0
DA:243,0
DA:244,0
DA:245,0
DA:246,0
DA:249,0
DA:250,0
DA:251,0
DA:252,0
DA:253,0
DA:256,0
DA:257,0
DA:258,0
DA:259,0
DA:260,0
DA:270,0
DA:271,0
DA:274,0
LF:96
LH:0
BRDA:56,0,0,0
BRDA:56,0,1,0
BRDA:56,1,0,0
BRDA:56,1,1,0
BRDA:56,1,2,0
BRDA:56,1,3,0
BRDA:59,2,0,0
BRDA:59,2,1,0
BRDA:59,3,0,0
BRDA:59,3,1,0
BRDA:59,3,2,0
BRDA:59,3,3,0
BRDA:64,4,0,0
BRDA:64,4,1,0
BRDA:64,5,0,0
BRDA:64,5,1,0
BRDA:69,6,0,0
BRDA:69,6,1,0
BRDA:70,7,0,0
BRDA:70,7,1,0
BRDA:71,8,0,0
BRDA:71,8,1,0
BRDA:72,9,0,0
BRDA:72,9,1,0
BRDA:75,10,0,0
BRDA:75,10,1,0
BRDA:76,11,0,0
BRDA:76,11,1,0
BRDA:77,12,0,0
BRDA:77,12,1,0
BRDA:80,13,0,0
BRDA:80,13,1,0
BRDA:80,14,0,0
BRDA:80,14,1,0
BRDA:90,15,0,0
BRDA:90,15,1,0
BRDA:92,16,0,0
BRDA:92,16,1,0
BRDA:93,17,0,0
BRDA:93,17,1,0
BRDA:93,17,2,0
BRDA:93,17,3,0
BRDA:93,17,4,0
BRDA:101,18,0,0
BRDA:101,18,1,0
BRDA:104,19,0,0
BRDA:104,19,1,0
BRDA:104,20,0,0
BRDA:104,20,1,0
BRDA:105,21,0,0
BRDA:105,21,1,0
BRDA:105,22,0,0
BRDA:105,22,1,0
BRDA:106,23,0,0
BRDA:106,23,1,0
BRDA:106,24,0,0
BRDA:106,24,1,0
BRDA:107,25,0,0
BRDA:107,25,1,0
BRDA:107,26,0,0
BRDA:107,26,1,0
BRDA:110,27,0,0
BRDA:110,27,1,0
BRDA:110,28,0,0
BRDA:110,28,1,0
BRDA:114,29,0,0
BRDA:114,29,1,0
BRDA:121,30,0,0
BRDA:121,30,1,0
BRDA:124,31,0,0
BRDA:124,31,1,0
BRDA:126,32,0,0
BRDA:126,32,1,0
BRDA:126,32,2,0
BRDA:126,32,3,0
BRDA:127,33,0,0
BRDA:127,33,1,0
BRDA:127,33,2,0
BRDA:132,34,0,0
BRDA:132,34,1,0
BRDA:135,35,0,0
BRDA:135,35,1,0
BRDA:147,36,0,0
BRDA:147,36,1,0
BRDA:148,37,0,0
BRDA:148,37,1,0
BRDA:148,37,2,0
BRDA:149,38,0,0
BRDA:149,38,1,0
BRDA:149,39,0,0
BRDA:149,39,1,0
BRDA:151,40,0,0
BRDA:151,40,1,0
BRDA:154,41,0,0
BRDA:154,41,1,0
BRDA:189,42,0,0
BRDA:189,42,1,0
BRDA:195,43,0,0
BRDA:195,43,1,0
BRDA:195,44,0,0
BRDA:195,44,1,0
BRDA:200,45,0,0
BRDA:200,45,1,0
BRDA:200,46,0,0
BRDA:200,46,1,0
BRDA:218,47,0,0
BRDA:218,47,1,0
BRDA:226,48,0,0
BRDA:226,48,1,0
BRDA:229,49,0,0
BRDA:229,49,1,0
BRDA:234,50,0,0
BRDA:234,50,1,0
BRDA:237,51,0,0
BRDA:237,51,1,0
BRDA:250,52,0,0
BRDA:250,52,1,0
BRDA:257,53,0,0
BRDA:257,53,1,0
BRDA:259,54,0,0
BRDA:259,54,1,0
BRF:121
BRH:0
end_of_record
TN:
SF:src\models\CartItem.js
FN:15,(anonymous_0)
FN:38,(anonymous_1)
FN:53,(anonymous_2)
FN:56,(anonymous_3)
FN:79,(anonymous_4)
FN:83,(anonymous_5)
FN:94,(anonymous_6)
FN:108,(anonymous_7)
FN:117,(anonymous_8)
FN:124,(anonymous_9)
FN:125,(anonymous_10)
FN:136,(anonymous_11)
FN:137,(anonymous_12)
FNF:13
FNH:0
FNDA:0,(anonymous_0)
FNDA:0,(anonymous_1)
FNDA:0,(anonymous_2)
FNDA:0,(anonymous_3)
FNDA:0,(anonymous_4)
FNDA:0,(anonymous_5)
FNDA:0,(anonymous_6)
FNDA:0,(anonymous_7)
FNDA:0,(anonymous_8)
FNDA:0,(anonymous_9)
FNDA:0,(anonymous_10)
FNDA:0,(anonymous_11)
FNDA:0,(anonymous_12)
DA:15,0
DA:16,0
DA:18,0
DA:19,0
DA:22,0
DA:23,0
DA:24,0
DA:27,0
DA:38,0
DA:39,0
DA:40,0
DA:41,0
DA:42,0
DA:43,0
DA:46,0
DA:47,0
DA:48,0
DA:49,0
DA:50,0
DA:53,0
DA:55,0
DA:56,0
DA:57,0
DA:61,0
DA:64,0
DA:70,0
DA:79,0
DA:80,0
DA:81,0
DA:83,0
DA:94,0
DA:95,0
DA:96,0
DA:99,0
DA:100,0
DA:101,0
DA:104,0
DA:105,0
DA:108,0
DA:109,0
DA:117,0
DA:124,0
DA:125,0
DA:126,0
DA:127,0
DA:136,0
DA:137,0
DA:140,0
LF:48
LH:0
BRDA:18,0,0,0
BRDA:18,0,1,0
BRDA:18,1,0,0
BRDA:18,1,1,0
BRDA:18,1,2,0
BRDA:23,2,0,0
BRDA:23,2,1,0
BRDA:23,3,0,0
BRDA:23,3,1,0
BRDA:38,4,0,0
BRDA:40,5,0,0
BRDA:40,5,1,0
BRDA:47,6,0,0
BRDA:47,6,1,0
BRDA:55,7,0,0
BRDA:55,7,1,0
BRDA:57,8,0,0
BRDA:57,8,1,0
BRDA:80,9,0,0
BRDA:80,9,1,0
BRDA:80,10,0,0
BRDA:80,10,1,0
BRDA:95,11,0,0
BRDA:95,11,1,0
BRDA:95,12,0,0
BRDA:95,12,1,0
BRDA:100,13,0,0
BRDA:100,13,1,0
BRDA:104,14,0,0
BRDA:104,14,1,0
BRDA:109,15,0,0
BRDA:109,15,1,0
BRDA:126,16,0,0
BRDA:126,16,1,0
BRF:34
BRH:0
end_of_record
TN:
SF:src\models\MenuItem.js
FN:14,(anonymous_0)
FN:41,(anonymous_1)
FN:53,(anonymous_2)
FN:66,(anonymous_3)
FN:92,(anonymous_4)
FN:138,(anonymous_5)
FN:151,(anonymous_6)
FNF:7
FNH:0
FNDA:0,(anonymous_0)
FNDA:0,(anonymous_1)
FNDA:0,(anonymous_2)
FNDA:0,(anonymous_3)
FNDA:0,(anonymous_4)
FNDA:0,(anonymous_5)
FNDA:0,(anonymous_6)
DA:14,0
DA:15,0
DA:17,0
DA:18,0
DA:21,0
DA:22,0
DA:24,0
DA:25,0
DA:26,0
DA:30,0
DA:31,0
DA:34,0
DA:41,0
DA:42,0
DA:43,0
DA:53,0
DA:54,0
DA:55,0
DA:57,0
DA:58,0
DA:66,0
DA:67,0
DA:68,0
DA:69,0
DA:70,0
DA:71,0
DA:74,0
DA:75,0
DA:92,0
DA:93,0
DA:94,0
DA:97,0
DA:99,0
DA:100,0
DA:101,0
DA:103,0
DA:106,0
DA:107,0
DA:108,0
DA:109,0
DA:111,0
DA:114,0
DA:115,0
DA:116,0
DA:118,0
DA:121,0
DA:122,0
DA:125,0
DA:126,0
DA:129,0
DA:130,0
DA:138,0
DA:139,0
DA:140,0
DA:142,0
DA:143,0
DA:151,0
DA:152,0
DA:153,0
DA:156,0
LF:60
LH:0
BRDA:17,0,0,0
BRDA:17,0,1,0
BRDA:17,1,0,0
BRDA:17,1,1,0
BRDA:17,1,2,0
BRDA:21,2,0,0
BRDA:21,2,1,0
BRDA:21,3,0,0
BRDA:21,3,1,0
BRDA:25,4,0,0
BRDA:25,4,1,0
BRDA:25,5,0,0
BRDA:25,5,1,0
BRDA:30,6,0,0
BRDA:30,6,1,0
BRDA:30,7,0,0
BRDA:30,7,1,0
BRDA:30,7,2,0
BRDA:54,8,0,0
BRDA:54,8,1,0
BRDA:54,9,0,0
BRDA:54,9,1,0
BRDA:68,10,0,0
BRDA:68,10,1,0
BRDA:80,11,0,0
BRDA:80,11,1,0
BRDA:81,12,0,0
BRDA:81,12,1,0
BRDA:93,13,0,0
BRDA:93,13,1,0
BRDA:93,14,0,0
BRDA:93,14,1,0
BRDA:99,15,0,0
BRDA:99,15,1,0
BRDA:100,16,0,0
BRDA:100,16,1,0
BRDA:100,17,0,0
BRDA:100,17,1,0
BRDA:106,18,0,0
BRDA:106,18,1,0
BRDA:108,19,0,0
BRDA:108,19,1,0
BRDA:108,20,0,0
BRDA:108,20,1,0
BRDA:114,21,0,0
BRDA:114,21,1,0
BRDA:115,22,0,0
BRDA:115,22,1,0
BRDA:115,23,0,0
BRDA:115,23,1,0
BRDA:121,24,0,0
BRDA:121,24,1,0
BRDA:122,25,0,0
BRDA:122,25,1,0
BRDA:125,26,0,0
BRDA:125,26,1,0
BRDA:126,27,0,0
BRDA:126,27,1,0
BRDA:139,28,0,0
BRDA:139,28,1,0
BRDA:139,29,0,0
BRDA:139,29,1,0
BRF:62
BRH:0
end_of_record
TN:
SF:src\models\Order.js
FN:15,(anonymous_0)
FN:25,(anonymous_1)
FN:44,(anonymous_2)
FN:59,(anonymous_3)
FN:69,(anonymous_4)
FN:76,(anonymous_5)
FN:102,(anonymous_6)
FN:123,(anonymous_7)
FN:147,(anonymous_8)
FN:175,(anonymous_9)
FNF:10
FNH:0
FNDA:0,(anonymous_0)
FNDA:0,(anonymous_1)
FNDA:0,(anonymous_2)
FNDA:0,(anonymous_3)
FNDA:0,(anonymous_4)
FNDA:0,(anonymous_5)
FNDA:0,(anonymous_6)
FNDA:0,(anonymous_7)
FNDA:0,(anonymous_8)
FNDA:0,(anonymous_9)
DA:15,0
DA:16,0
DA:18,0
DA:19,0
DA:22,0
DA:23,0
DA:25,0
DA:26,0
DA:27,0
DA:29,0
DA:30,0
DA:31,0
DA:36,0
DA:44,0
DA:45,0
DA:46,0
DA:47,0
DA:48,0
DA:50,0
DA:59,0
DA:60,0
DA:61,0
DA:62,0
DA:63,0
DA:64,0
DA:67,0
DA:69,0
DA:75,0
DA:76,0
DA:80,0
DA:102,0
DA:103,0
DA:104,0
DA:106,0
DA:107,0
DA:123,0
DA:124,0
DA:125,0
DA:127,0
DA:128,0
DA:147,0
DA:148,0
DA:149,0
DA:152,0
DA:153,0
DA:154,0
DA:155,0
DA:156,0
DA:159,0
DA:160,0
DA:175,0
DA:176,0
DA:177,0
DA:190,0
LF:54
LH:0
BRDA:18,0,0,0
BRDA:18,0,1,0
BRDA:18,1,0,0
BRDA:18,1,1,0
BRDA:18,1,2,0
BRDA:22,2,0,0
BRDA:22,2,1,0
BRDA:22,3,0,0
BRDA:22,3,1,0
BRDA:26,4,0,0
BRDA:26,4,1,0
BRDA:26,5,0,0
BRDA:26,5,1,0
BRDA:30,6,0,0
BRDA:30,6,1,0
BRDA:30,7,0,0
BRDA:30,7,1,0
BRDA:47,8,0,0
BRDA:47,8,1,0
BRDA:61,9,0,0
BRDA:61,9,1,0
BRDA:72,10,0,0
BRDA:72,10,1,0
BRDA:103,11,0,0
BRDA:103,11,1,0
BRDA:103,12,0,0
BRDA:103,12,1,0
BRDA:124,13,0,0
BRDA:124,13,1,0
BRDA:124,14,0,0
BRDA:124,14,1,0
BRDA:148,15,0,0
BRDA:148,15,1,0
BRDA:148,16,0,0
BRDA:148,16,1,0
BRDA:153,17,0,0
BRDA:153,17,1,0
BRF:37
BRH:0
end_of_record
TN:
SF:src\models\User.js
FN:16,(anonymous_0)
FN:39,(anonymous_1)
FN:60,(anonymous_2)
FN:101,(anonymous_3)
FN:132,(anonymous_4)
FN:146,(anonymous_5)
FN:162,(anonymous_6)
FNF:7
FNH:0
FNDA:0,(anonymous_0)
FNDA:0,(anonymous_1)
FNDA:0,(anonymous_2)
FNDA:0,(anonymous_3)
FNDA:0,(anonymous_4)
FNDA:0,(anonymous_5)
FNDA:0,(anonymous_6)
DA:16,0
DA:17,0
DA:19,0
DA:20,0
DA:21,0
DA:22,0
DA:25,0
DA:26,0
DA:27,0
DA:28,0
DA:31,0
DA:39,0
DA:40,0
DA:42,0
DA:43,0
DA:44,0
DA:45,0
DA:48,0
DA:49,0
DA:52,0
DA:60,0
DA:61,0
DA:62,0
DA:63,0
DA:64,0
DA:65,0
DA:68,0
DA:70,0
DA:74,0
DA:76,0
DA:77,0
DA:78,0
DA:81,0
DA:83,0
DA:91,0
DA:101,0
DA:102,0
DA:103,0
DA:104,0
DA:107,0
DA:109,0
DA:113,0
DA:115,0
DA:116,0
DA:119,0
DA:120,0
DA:121,0
DA:124,0
DA:132,0
DA:133,0
DA:134,0
DA:136,0
DA:137,0
DA:138,0
DA:146,0
DA:147,0
DA:148,0
DA:150,0
DA:151,0
DA:154,0
DA:162,0
DA:163,0
DA:164,0
DA:167,0
LF:64
LH:0
BRDA:19,0,0,0
BRDA:19,0,1,0
BRDA:19,1,0,0
BRDA:19,1,1,0
BRDA:19,1,2,0
BRDA:21,2,0,0
BRDA:21,2,1,0
BRDA:25,3,0,0
BRDA:25,3,1,0
BRDA:25,4,0,0
BRDA:25,4,1,0
BRDA:25,4,2,0
BRDA:27,5,0,0
BRDA:27,5,1,0
BRDA:42,6,0,0
BRDA:42,6,1,0
BRDA:42,7,0,0
BRDA:42,7,1,0
BRDA:42,7,2,0
BRDA:44,8,0,0
BRDA:44,8,1,0
BRDA:48,9,0,0
BRDA:48,9,1,0
BRDA:48,10,0,0
BRDA:48,10,1,0
BRDA:48,10,2,0
BRDA:62,11,0,0
BRDA:62,11,1,0
BRDA:74,12,0,0
BRDA:74,12,1,0
BRDA:87,13,0,0
BRDA:87,13,1,0
BRDA:103,14,0,0
BRDA:103,14,1,0
BRDA:113,15,0,0
BRDA:113,15,1,0
BRDA:120,16,0,0
BRDA:120,16,1,0
BRDA:133,17,0,0
BRDA:133,17,1,0
BRDA:133,18,0,0
BRDA:133,18,1,0
BRDA:138,19,0,0
BRDA:138,19,1,0
BRDA:147,20,0,0
BRDA:147,20,1,0
BRDA:147,21,0,0
BRDA:147,21,1,0
BRDA:147,21,2,0
BRDA:154,22,0,0
BRDA:154,22,1,0
BRF:51
BRH:0
end_of_record
TN:
SF:src\types\index.js
FNF:0
FNH:0
DA:15,0
DA:26,0
DA:29,0
DA:32,0
LF:4
LH:0
BRF:0
BRH:0
end_of_record
TN:
SF:src\utils\logger.js
FN:20,(anonymous_0)
FN:75,(anonymous_1)
FN:86,(anonymous_2)
FN:111,(anonymous_3)
FN:127,(anonymous_4)
FN:143,(anonymous_5)
FNF:6
FNH:0
FNDA:0,(anonymous_0)
FNDA:0,(anonymous_1)
FNDA:0,(anonymous_2)
FNDA:0,(anonymous_3)
FNDA:0,(anonymous_4)
FNDA:0,(anonymous_5)
DA:3,0
DA:4,0
DA:5,0
DA:8,0
DA:9,0
DA:10,0
DA:14,0
DA:17,0
DA:21,0
DA:22,0
DA:23,0
DA:28,0
DA:35,0
DA:54,0
DA:55,0
DA:63,0
DA:75,0
DA:76,0
DA:86,0
DA:87,0
DA:97,0
DA:98,0
DA:99,0
DA:100,0
DA:102,0
DA:111,0
DA:112,0
DA:127,0
DA:128,0
DA:143,0
DA:144,0
DA:145,0
DA:153,0
LF:33
LH:0
BRDA:9,0,0,0
BRDA:9,0,1,0
BRDA:14,1,0,0
BRDA:14,1,1,0
BRDA:14,2,0,0
BRDA:14,2,1,0
BRDA:21,3,0,0
BRDA:21,3,1,0
BRDA:22,4,0,0
BRDA:22,4,1,0
BRDA:54,5,0,0
BRDA:54,5,1,0
BRDA:89,6,0,0
BRDA:89,6,1,0
BRDA:92,7,0,0
BRDA:92,7,1,0
BRDA:93,8,0,0
BRDA:93,8,1,0
BRDA:94,9,0,0
BRDA:94,9,1,0
BRDA:97,10,0,0
BRDA:97,10,1,0
BRDA:99,11,0,0
BRDA:99,11,1,0
BRDA:111,12,0,0
BRDA:115,13,0,0
BRDA:115,13,1,0
BRDA:127,14,0,0
BRDA:143,15,0,0
BRDA:144,16,0,0
BRDA:144,16,1,0
BRF:31
BRH:0
end_of_record
TN:
SF:src\utils\validators.js
FN:32,(anonymous_0)
FN:41,(anonymous_1)
FN:50,(anonymous_2)
FN:67,(anonymous_3)
FN:91,(anonymous_4)
FN:120,(anonymous_5)
FN:145,(anonymous_6)
FN:183,(anonymous_7)
FN:206,(anonymous_8)
FN:234,(anonymous_9)
FN:247,(anonymous_10)
FN:269,(anonymous_11)
FN:306,(anonymous_12)
FN:338,(anonymous_13)
FN:362,(anonymous_14)
FN:398,(anonymous_15)
FN:418,(anonymous_16)
FN:445,(anonymous_17)
FNF:18
FNH:0
FNDA:0,(anonymous_0)
FNDA:0,(anonymous_1)
FNDA:0,(anonymous_2)
FNDA:0,(anonymous_3)
FNDA:0,(anonymous_4)
FNDA:0,(anonymous_5)
FNDA:0,(anonymous_6)
FNDA:0,(anonymous_7)
FNDA:0,(anonymous_8)
FNDA:0,(anonymous_9)
FNDA:0,(anonymous_10)
FNDA:0,(anonymous_11)
FNDA:0,(anonymous_12)
FNDA:0,(anonymous_13)
FNDA:0,(anonymous_14)
FNDA:0,(anonymous_15)
FNDA:0,(anonymous_16)
FNDA:0,(anonymous_17)
DA:13,0
DA:14,0
DA:15,0
DA:16,0
DA:17,0
DA:18,0
DA:19,0
DA:20,0
DA:21,0
DA:32,0
DA:33,0
DA:41,0
DA:42,0
DA:50,0
DA:51,0
DA:67,0
DA:68,0
DA:69,0
DA:71,0
DA:72,0
DA:73,0
DA:75,0
DA:76,0
DA:78,0
DA:91,0
DA:92,0
DA:93,0
DA:95,0
DA:96,0
DA:101,0
DA:102,0
DA:107,0
DA:120,0
DA:121,0
DA:123,0
DA:124,0
DA:125,0
DA:128,0
DA:129,0
DA:130,0
DA:133,0
DA:145,0
DA:146,0
DA:148,0
DA:149,0
DA:150,0
DA:153,0
DA:154,0
DA:155,0
DA:158,0
DA:159,0
DA:160,0
DA:161,0
DA:164,0
DA:183,0
DA:184,0
DA:185,0
DA:187,0
DA:188,0
DA:193,0
DA:206,0
DA:207,0
DA:208,0
DA:209,0
DA:211,0
DA:212,0
DA:217,0
DA:218,0
DA:223,0
DA:234,0
DA:235,0
DA:236,0
DA:238,0
DA:247,0
DA:248,0
DA:249,0
DA:251,0
DA:252,0
DA:254,0
DA:255,0
DA:260,0
DA:269,0
DA:270,0
DA:272,0
DA:273,0
DA:275,0
DA:276,0
DA:278,0
DA:279,0
DA:281,0
DA:282,0
DA:283,0
DA:286,0
DA:306,0
DA:307,0
DA:308,0
DA:309,0
DA:314,0
DA:315,0
DA:320,0
DA:321,0
DA:326,0
DA:338,0
DA:339,0
DA:341,0
DA:342,0
DA:345,0
DA:346,0
DA:347,0
DA:350,0
DA:362,0
DA:363,0
DA:365,0
DA:366,0
DA:367,0
DA:370,0
DA:384,0
DA:398,0
DA:399,0
DA:400,0
DA:402,0
DA:403,0
DA:408,0
DA:418,0
DA:419,0
DA:421,0
DA:425,0
DA:428,0
DA:445,0
DA:446,0
DA:447,0
DA:449,0
DA:456,0
LF:133
LH:0
BRDA:33,0,0,0
BRDA:33,0,1,0
BRDA:42,1,0,0
BRDA:42,1,1,0
BRDA:51,2,0,0
BRDA:51,2,1,0
BRDA:68,3,0,0
BRDA:68,3,1,0
BRDA:72,4,0,0
BRDA:72,4,1,0
BRDA:75,5,0,0
BRDA:75,5,1,0
BRDA:92,6,0,0
BRDA:92,6,1,0
BRDA:95,7,0,0
BRDA:95,7,1,0
BRDA:101,8,0,0
BRDA:101,8,1,0
BRDA:124,9,0,0
BRDA:124,9,1,0
BRDA:129,10,0,0
BRDA:129,10,1,0
BRDA:149,11,0,0
BRDA:149,11,1,0
BRDA:154,12,0,0
BRDA:154,12,1,0
BRDA:158,13,0,0
BRDA:158,13,1,0
BRDA:160,14,0,0
BRDA:160,14,1,0
BRDA:184,15,0,0
BRDA:184,15,1,0
BRDA:187,16,0,0
BRDA:187,16,1,0
BRDA:208,17,0,0
BRDA:208,17,1,0
BRDA:211,18,0,0
BRDA:211,18,1,0
BRDA:217,19,0,0
BRDA:217,19,1,0
BRDA:235,20,0,0
BRDA:235,20,1,0
BRDA:248,21,0,0
BRDA:248,21,1,0
BRDA:248,22,0,0
BRDA:248,22,1,0
BRDA:248,22,2,0
BRDA:251,23,0,0
BRDA:251,23,1,0
BRDA:254,24,0,0
BRDA:254,24,1,0
BRDA:273,25,0,0
BRDA:273,25,1,0
BRDA:276,26,0,0
BRDA:276,26,1,0
BRDA:279,27,0,0
BRDA:279,27,1,0
BRDA:281,28,0,0
BRDA:281,28,1,0
BRDA:283,29,0,0
BRDA:283,29,1,0
BRDA:308,30,0,0
BRDA:308,30,1,0
BRDA:314,31,0,0
BRDA:314,31,1,0
BRDA:320,32,0,0
BRDA:320,32,1,0
BRDA:341,33,0,0
BRDA:341,33,1,0
BRDA:346,34,0,0
BRDA:346,34,1,0
BRDA:366,35,0,0
BRDA:366,35,1,0
BRDA:399,36,0,0
BRDA:399,36,1,0
BRDA:402,37,0,0
BRDA:402,37,1,0
BRDA:421,38,0,0
BRDA:421,38,1,0
BRDA:422,39,0,0
BRDA:422,39,1,0
BRDA:445,40,0,0
BRDA:446,41,0,0
BRDA:446,41,1,0
BRF:84
BRH:0
end_of_record
